Genepop 4.8.2
Maximum likelihood estimation of null allele frequency

File: ../data/fish/SBmicro_pops.txt (Striped bass Morone saxatilis, microsatellite data)

Number of populations detected : 5
Number of loci detected        : 14


Locus: MSM1144FAM
=================================
Population: 6_HB54-09_HR09_DN
-----------------------------------------
Allele   Freq.     Homoz.     Null Heter.
  113    0.0076    0.0000     0.0000 
  115    0.0076    0.0000     0.0000 
  117    0.0051    0.0000     0.0000 
  119    0.0682    0.0000     0.0000 
  121    0.0051    0.0000     0.0000 
  125    0.0076    0.0000     0.0000 
  127    0.0076    0.0000     0.0000 
  128    0.0051    0.0000     0.0000 
  129    0.3939    28.0000    0.0000 
  131    0.0076    0.0000     0.0000 
  133    0.1111    2.0000     0.0000 
  135    0.0152    0.0000     0.0000 
  137    0.1465    7.0000     0.0000 
  139    0.0278    0.0000     0.0000 
  140    0.0076    0.0000     0.0000 
  141    0.1162    4.0000     0.0000 
  143    0.0101    0.0000     0.0000 
  145    0.0126    0.0000     0.0000 
  147    0.0126    0.0000     0.0000 
  149    0.0025    0.0000     0.0000 
  157    0.0101    0.0000     0.0000 
  163    0.0126    0.0000     0.0000 
 Null    0.0000 

Population: 8_DE54-09_DB09
-----------------------------------------
Allele   Freq.     Homoz.     Null Heter.
  115    0.0048    0.0000     0.0000 
  117    0.0048    0.0000     0.0000 
  119    0.0817    1.0000     0.0000 
  121    0.0288    0.0000     0.0000 
  125    0.0096    0.0000     0.0000 
  129    0.2981    9.0000     0.0000 
  131    0.0192    0.0000     0.0000 
  133    0.0625    0.0000     0.0000 
  135    0.0288    0.0000     0.0000 
  137    0.1538    1.0000     0.0000 
  139    0.0144    0.0000     0.0000 
  141    0.1587    0.0000     0.0000 
  143    0.0577    0.0000     0.0000 
  145    0.0288    0.0000     0.0000 
  147    0.0048    0.0000     0.0000 
  149    0.0385    0.0000     0.0000 
  153    0.0048    0.0000     0.0000 
 Null    0.0000 

Population: 23_JA46-09_JR09
-----------------------------------------
Allele   Freq.     Homoz.     Null Heter.
  115    0.0105    0.0000     0.0000 
  117    0.0185    0.0000     0.0000 
  119    0.0898    4.1789     0.8211 
  121    0.0375    0.6801     0.3199 
  123    0.0009    0.0000     0.0000 
  125    0.0334    0.0000     0.0000 
  127    0.0026    0.0000     0.0000 
  129    0.2919    47.1499    2.8501 
  131    0.0225    0.5601     0.4399 
  133    0.0625    3.1194     0.8806 
  135    0.0242    0.5787     0.4213 
  137    0.1812    18.2256    1.7744 
  139    0.0141    0.0000     0.0000 
  141    0.0997    8.4969     1.5031 
  143    0.0404    0.0000     0.0000 
  145    0.0193    0.0000     0.0000 
  147    0.0035    0.0000     0.0000 
  149    0.0167    0.9717     1.0283 
  153    0.0211    0.0000     0.0000 
  157    0.0009    0.0000     0.0000 
 Null    0.0088 

Population: 26_NC44-09_NC09_BW
-----------------------------------------
Allele   Freq.     Homoz.     Null Heter.
  115    0.0106    0.0000     0.0000 
  117    0.0070    0.0000     0.0000 
  119    0.0141    0.0000     0.0000 
  121    0.0106    0.0000     0.0000 
  123    0.0106    0.0000     0.0000 
  125    0.0352    0.0000     0.0000 
  127    0.0141    0.0000     0.0000 
  129    0.3099    14.0000    0.0000 
  131    0.0352    0.0000     0.0000 
  133    0.1056    0.0000     0.0000 
  135    0.0282    0.0000     0.0000 
  137    0.1901    8.0000     0.0000 
  139    0.0106    0.0000     0.0000 
  141    0.1232    1.0000     0.0000 
  143    0.0599    1.0000     0.0000 
  145    0.0106    0.0000     0.0000 
  147    0.0106    0.0000     0.0000 
  149    0.0070    0.0000     0.0000 
  153    0.0035    0.0000     0.0000 
  163    0.0035    0.0000     0.0000 
 Null    0.0000 

Population: 30_SC11-09_SC09_LA
-----------------------------------------
Allele   Freq.     Homoz.     Null Heter.
  119    0.0935    1.0000     0.0000 
  125    0.1121    3.0000     0.0000 
  129    0.1542    1.0000     0.0000 
  133    0.0280    0.0000     0.0000 
  135    0.0234    0.0000     0.0000 
  137    0.4206    18.0000    0.0000 
  139    0.0093    0.0000     0.0000 
  141    0.0140    0.0000     0.0000 
  143    0.1028    0.0000     0.0000 
  149    0.0374    0.0000     0.0000 
  153    0.0047    0.0000     0.0000 
 Null    0.0000 


Locus: MSM1243FAM
=================================
Population: 6_HB54-09_HR09_DN
-----------------------------------------
Allele   Freq.     Homoz.     Null Heter.
  230    0.0025    0.0000     0.0000 
  234    0.0127    0.0000     0.0000 
  236    0.3339    22.5571    0.4429 
  238    0.1746    5.7828     0.2172 
  240    0.0203    0.0000     0.0000 
  242    0.3847    25.5643    0.4357 
  244    0.0604    1.8042     0.1958 
  246    0.0076    0.0000     0.0000 
 Null    0.0033 

Population: 8_DE54-09_DB09
-----------------------------------------
Allele   Freq.     Homoz.     Null Heter.
  236    0.2356    6.0000     0.0000 
  238    0.1587    1.0000     0.0000 
  240    0.0096    0.0000     0.0000 
  242    0.5096    23.0000    0.0000 
  244    0.0865    0.0000     0.0000 
 Null    0.0000 

Population: 23_JA46-09_JR09
-----------------------------------------
Allele   Freq.     Homoz.     Null Heter.
  236    0.2636    39.0000    0.0000 
  238    0.1661    12.0000    0.0000 
  240    0.0176    0.0000     0.0000 
  242    0.4947    129.0000    0.0000 
  244    0.0492    1.0000     0.0000 
  246    0.0088    0.0000     0.0000 
 Null    0.0000 

Population: 26_NC44-09_NC09_BW
-----------------------------------------
Allele   Freq.     Homoz.     Null Heter.
  236    0.3556    16.0000    0.0000 
  238    0.1549    3.0000     0.0000 
  240    0.0035    0.0000     0.0000 
  242    0.4261    24.0000    0.0000 
  244    0.0599    1.0000     0.0000 
 Null    0.0000 

Population: 30_SC11-09_SC09_LA
-----------------------------------------
Allele   Freq.     Homoz.     Null Heter.
  236    0.5635    32.5798    4.4202 
  238    0.0607    0.0000     0.0000 
  240    0.0245    0.2427     0.7573 
  242    0.1083    1.1723     0.8277 
  244    0.2048    5.8254     2.1746 
 Null    0.0382 


Locus: MSM1602VIC
=================================
Population: 6_HB54-09_HR09_DN
-----------------------------------------
Allele   Freq.     Homoz.     Null Heter.
  121    0.0025    0.0000     0.0000 
  196    0.0202    0.0000     0.0000 
  200    0.0227    0.0000     0.0000 
  204    0.0657    0.0000     0.0000 
  208    0.0783    1.0000     0.0000 
  212    0.0934    3.0000     0.0000 
  216    0.2146    9.0000     0.0000 
  220    0.1465    4.0000     0.0000 
  224    0.1818    5.0000     0.0000 
  228    0.0707    1.0000     0.0000 
  232    0.0455    0.0000     0.0000 
  236    0.0379    0.0000     0.0000 
  240    0.0076    0.0000     0.0000 
  244    0.0126    0.0000     0.0000 
 Null    0.0000 

Population: 8_DE54-09_DB09
-----------------------------------------
Allele   Freq.     Homoz.     Null Heter.
  196    0.0625    1.0000     0.0000 
  200    0.0144    0.0000     0.0000 
  204    0.1010    0.0000     0.0000 
  208    0.1154    0.0000     0.0000 
  212    0.1154    2.0000     0.0000 
  216    0.1587    1.0000     0.0000 
  220    0.1298    1.0000     0.0000 
  224    0.0673    0.0000     0.0000 
  228    0.0385    1.0000     0.0000 
  232    0.0529    0.0000     0.0000 
  236    0.0385    0.0000     0.0000 
  240    0.0288    0.0000     0.0000 
  244    0.0337    0.0000     0.0000 
  248    0.0433    0.0000     0.0000 
 Null    0.0000 

Population: 23_JA46-09_JR09
-----------------------------------------
Allele   Freq.     Homoz.     Null Heter.
  196    0.0334    0.0000     0.0000 
  199    0.0009    0.0000     0.0000 
  200    0.0349    0.6901     0.3099 
  204    0.0726    1.6452     0.3548 
  207    0.0009    0.0000     0.0000 
  208    0.0999    8.6441     1.3559 
  212    0.1380    8.0828     0.9172 
  216    0.1661    21.0178    1.9822 
  220    0.1466    10.8416    1.1584 
  224    0.0841    1.6859     0.3141 
  227    0.0009    0.0000     0.0000 
  228    0.0636    2.4073     0.5927 
  232    0.0523    1.5392     0.4608 
  236    0.0379    2.1226     0.8774 
  240    0.0109    0.4104     0.5896 
  244    0.0281    0.0000     0.0000 
  248    0.0211    0.0000     0.0000 
 Null    0.0078 

Population: 26_NC44-09_NC09_BW
-----------------------------------------
Allele   Freq.     Homoz.     Null Heter.
  196    0.0106    0.0000     0.0000 
  200    0.0352    0.0000     0.0000 
  204    0.0418    0.8616     0.1384 
  208    0.1895    4.8290     0.1710 
  212    0.1616    2.8804     0.1196 
  216    0.1294    4.7535     0.2465 
  220    0.1156    2.8354     0.1646 
  224    0.1123    1.8872     0.1128 
  228    0.0986    0.0000     0.0000 
  232    0.0423    0.0000     0.0000 
  236    0.0387    0.0000     0.0000 
  240    0.0176    0.0000     0.0000 
  248    0.0035    0.0000     0.0000 
 Null    0.0034 

Population: 30_SC11-09_SC09_LA
-----------------------------------------
Allele   Freq.     Homoz.     Null Heter.
  196    0.0280    0.0000     0.0000 
  200    0.0093    0.0000     0.0000 
  208    0.0561    0.0000     0.0000 
  212    0.0093    0.0000     0.0000 
  215    0.0047    0.0000     0.0000 
  216    0.1542    0.0000     0.0000 
  220    0.3084    11.0000    0.0000 
  224    0.2850    10.0000    0.0000 
  228    0.0935    0.0000     0.0000 
  232    0.0421    0.0000     0.0000 
  240    0.0093    0.0000     0.0000 
 Null    0.0000 


Locus: MSM1096NED
=================================
Population: 6_HB54-09_HR09_DN
-----------------------------------------
Allele   Freq.     Homoz.     Null Heter.
  175    0.0237    0.2733     0.7267 
  183    0.5084    54.2832    6.7168 
  185    0.0026    0.0000     0.0000 
  187    0.0128    0.0000     0.0000 
  189    0.1425    4.8562     2.1438 
  191    0.2124    9.2580     2.7420 
  193    0.0255    0.0000     0.0000 
  195    0.0408    0.0000     0.0000 
 Null    0.0315 

Population: 8_DE54-09_DB09
-----------------------------------------
Allele   Freq.     Homoz.     Null Heter.
  171    0.0048    0.0000     0.0000 
  175    0.0096    0.0000     0.0000 
  183    0.5860    33.8829    2.1171 
  185    0.0048    0.0000     0.0000 
  189    0.1250    0.0000     0.0000 
  191    0.1794    3.3221     0.6779 
  193    0.0410    0.5283     0.4717 
  195    0.0311    0.4589     0.5411 
 Null    0.0183 

Population: 23_JA46-09_JR09
-----------------------------------------
Allele   Freq.     Homoz.     Null Heter.
  171    0.0053    0.0000     0.0000 
  175    0.0310    0.2237     0.7763 
  183    0.4734    133.6725    30.3275
  185    0.0018    0.0000     0.0000 
  187    0.0071    0.0619     0.9381 
  189    0.1045    5.9180     6.0820 
  191    0.2513    39.9321    17.0679
  193    0.0572    2.0850     3.9150 
  195    0.0149    0.0000     0.0000 
 Null    0.0537 

Population: 26_NC44-09_NC09_BW
-----------------------------------------
Allele   Freq.     Homoz.     Null Heter.
  171    0.0035    0.0000     0.0000 
  175    0.0106    0.0000     0.0000 
  183    0.5074    38.1085    2.8915 
  185    0.0035    0.0000     0.0000 
  187    0.0106    0.0000     0.0000 
  189    0.1224    0.7607     0.2393 
  191    0.3003    13.2956    1.7044 
  193    0.0224    0.3680     0.6320 
 Null    0.0193 

Population: 30_SC11-09_SC09_LA
-----------------------------------------
Allele   Freq.     Homoz.     Null Heter.
  175    0.1651    2.0000     0.0000 
  183    0.2264    3.0000     0.0000 
  187    0.0142    0.0000     0.0000 
  189    0.1038    0.0000     0.0000 
  191    0.0472    0.0000     0.0000 
  193    0.3302    9.0000     0.0000 
  195    0.1132    1.0000     0.0000 
 Null    0.0000 


Locus: MSM1095PET
=================================
Population: 6_HB54-09_HR09_DN
-----------------------------------------
Allele   Freq.     Homoz.     Null Heter.
  159    0.0077    0.0000     0.0000 
  161    0.0026    0.0000     0.0000 
  163    0.0128    0.0000     0.0000 
  165    0.0051    0.0000     0.0000 
  173    0.2683    15.1606    1.8394 
  175    0.1296    4.7955     1.2045 
  177    0.2501    15.0424    1.9576 
  179    0.1835    5.9456     1.0544 
  181    0.0681    0.6765     0.3235 
  183    0.0255    0.0000     0.0000 
  191    0.0077    0.0000     0.0000 
  196    0.0230    0.0000     0.0000 
 Null    0.0163 

Population: 8_DE54-09_DB09
-----------------------------------------
Allele   Freq.     Homoz.     Null Heter.
  159    0.0048    0.0000     0.0000 
  173    0.3762    14.2402    0.7598 
  175    0.0905    0.8184     0.1816 
  177    0.2430    5.5422     0.4578 
  179    0.2195    3.6649     0.3351 
  181    0.0368    0.6469     0.3531 
  193    0.0048    0.0000     0.0000 
  196    0.0144    0.0000     0.0000 
 Null    0.0100 

Population: 23_JA46-09_JR09
-----------------------------------------
Allele   Freq.     Homoz.     Null Heter.
  159    0.0053    0.0000     0.0000 
  169    0.0018    0.0000     0.0000 
  173    0.3109    48.7553    11.2447
  175    0.1321    10.3722    5.6278 
  177    0.2303    35.0793    10.9207
  179    0.2511    35.7840    10.2160
  181    0.0105    0.0000     0.0000 
  183    0.0080    0.1003     0.8997 
  185    0.0026    0.0000     0.0000 
  187    0.0009    0.0000     0.0000 
  193    0.0018    0.0000     0.0000 
  196    0.0071    0.0902     0.9098 
  197    0.0018    0.0242     0.9758 
 Null    0.0358 

Population: 26_NC44-09_NC09_BW
-----------------------------------------
Allele   Freq.     Homoz.     Null Heter.
  165    0.0141    0.0000     0.0000 
  173    0.3543    16.6275    4.3725 
  175    0.0791    0.4591     0.5409 
  177    0.2241    5.6508     2.3492 
  179    0.1783    2.6269     1.3731 
  181    0.0458    0.0000     0.0000 
  183    0.0113    0.2168     1.7832 
  185    0.0037    0.0377     0.9623 
  196    0.0352    0.0000     0.0000 
  197    0.0076    0.1503     1.8497 
 Null    0.0466 

Population: 30_SC11-09_SC09_LA
-----------------------------------------
Allele   Freq.     Homoz.     Null Heter.
  173    0.2256    7.8190     2.1810 
  175    0.0425    0.0000     0.0000 
  177    0.4169    17.3773    2.6227 
  179    0.1419    2.0783     0.9217 
  181    0.0047    0.0000     0.0000 
  183    0.1371    2.0561     0.9439 
 Null    0.0315 


Locus: MSM1094FAM
=================================
Population: 6_HB54-09_HR09_DN
-----------------------------------------
Allele   Freq.     Homoz.     Null Heter.
  123    0.0913    2.1538     0.8462 
  127    0.0237    0.3982     0.6018 
  133    0.3937    33.9104    3.0896 
  135    0.0480    0.0000     0.0000 
  137    0.0025    0.0000     0.0000 
  139    0.0227    0.0000     0.0000 
  145    0.0051    0.0000     0.0000 
  150    0.1383    4.7642     1.2358 
  152    0.0126    0.0000     0.0000 
  154    0.2340    8.6709     1.3291 
  156    0.0101    0.0000     0.0000 
 Null    0.0179 

Population: 8_DE54-09_DB09
-----------------------------------------
Allele   Freq.     Homoz.     Null Heter.
  123    0.0385    0.0000     0.0000 
  127    0.0240    0.0000     0.0000 
  133    0.4471    20.0000    0.0000 
  135    0.0337    0.0000     0.0000 
  148    0.0048    0.0000     0.0000 
  150    0.1923    3.0000     0.0000 
  154    0.2596    6.0000     0.0000 
 Null    0.0000 

Population: 23_JA46-09_JR09
-----------------------------------------
Allele   Freq.     Homoz.     Null Heter.
  123    0.0764    6.0000     0.0000 
  127    0.0193    0.0000     0.0000 
  133    0.4438    99.0000    0.0000 
  135    0.0290    0.0000     0.0000 
  143    0.0009    0.0000     0.0000 
  145    0.0062    0.0000     0.0000 
  150    0.1828    19.0000    0.0000 
  152    0.0149    0.0000     0.0000 
  154    0.2214    27.0000    0.0000 
  156    0.0035    0.0000     0.0000 
  158    0.0018    0.0000     0.0000 
 Null    0.0000 

Population: 26_NC44-09_NC09_BW
-----------------------------------------
Allele   Freq.     Homoz.     Null Heter.
  123    0.1523    5.2560     1.7440 
  127    0.0070    0.0000     0.0000 
  133    0.3516    14.8638    2.1362 
  135    0.0634    0.0000     0.0000 
  137    0.0035    0.0000     0.0000 
  145    0.0106    0.0000     0.0000 
  150    0.1942    7.1412     1.8588 
  152    0.0070    0.0000     0.0000 
  154    0.1604    4.5627     1.4373 
  156    0.0246    0.0000     0.0000 
 Null    0.0253 

Population: 30_SC11-09_SC09_LA
-----------------------------------------
Allele   Freq.     Homoz.     Null Heter.
  123    0.1675    1.8350     1.1650 
  133    0.2984    8.8473     3.1527 
  145    0.0951    2.3614     2.6386 
  146    0.2069    5.2849     2.7151 
  148    0.0280    0.0000     0.0000 
  150    0.0607    0.0000     0.0000 
  154    0.0808    1.2956     1.7044 
  158    0.0093    0.0000     0.0000 
 Null    0.0532 


Locus: MSM1067FAM
=================================
Population: 6_HB54-09_HR09_DN
-----------------------------------------
Allele   Freq.     Homoz.     Null Heter.
  190    0.0840    2.0813     0.9187 
  198    0.4694    38.9265    3.0735 
  200    0.2152    12.7965    2.2035 
  202    0.0025    0.0000     0.0000 
  205    0.0025    0.0000     0.0000 
  206    0.1977    5.8950     1.1050 
  208    0.0102    0.0000     0.0000 
 Null    0.0185 

Population: 8_DE54-09_DB09
-----------------------------------------
Allele   Freq.     Homoz.     Null Heter.
  190    0.0288    0.0000     0.0000 
  196    0.0048    0.0000     0.0000 
  198    0.5076    29.5902    4.4098 
  200    0.1456    3.2906     1.7094 
  206    0.2704    6.2512     1.7488 
  208    0.0048    0.0000     0.0000 
 Null    0.0378 

Population: 23_JA46-09_JR09
-----------------------------------------
Allele   Freq.     Homoz.     Null Heter.
  190    0.0435    1.5099     1.4901 
  196    0.0044    0.0000     0.0000 
  198    0.5009    139.9989    12.0011
  200    0.2019    24.7385    5.2615 
  202    0.0027    0.0589     0.9411 
  204    0.0009    0.0000     0.0000 
  205    0.0009    0.0000     0.0000 
  206    0.2199    24.2629    4.7371 
  208    0.0035    0.0000     0.0000 
 Null    0.0215 

Population: 26_NC44-09_NC09_BW
-----------------------------------------
Allele   Freq.     Homoz.     Null Heter.
  190    0.0735    1.8637     0.1363 
  198    0.4953    30.6674    0.3326 
  200    0.1897    4.8623     0.1377 
  206    0.2354    6.8438     0.1562 
  208    0.0035    0.0000     0.0000 
 Null    0.0027 

Population: 30_SC11-09_SC09_LA
-----------------------------------------
Allele   Freq.     Homoz.     Null Heter.
  190    0.1168    0.0000     0.0000 
  198    0.7070    51.2975    1.7025 
  200    0.0421    0.0000     0.0000 
  204    0.0056    0.1918     0.8082 
  206    0.1168    0.0000     0.0000 
 Null    0.0117 


Locus: MSM1603VIC
=================================
Population: 6_HB54-09_HR09_DN
-----------------------------------------
Allele   Freq.     Homoz.     Null Heter.
  133    0.0076    0.0000     0.0000 
  137    0.0025    0.0000     0.0000 
  141    0.0101    0.0000     0.0000 
  145    0.0832    1.9434     2.0566 
  149    0.0207    0.1902     0.8098 
  153    0.1313    2.9931     2.0069 
  156    0.0025    0.0000     0.0000 
  157    0.2339    11.6248    4.3752 
  161    0.3332    22.9390    6.0610 
  165    0.0780    1.8789     2.1211 
  169    0.0429    0.0000     0.0000 
  177    0.0076    0.0000     0.0000 
  181    0.0025    0.0000     0.0000 
 Null    0.0440 

Population: 8_DE54-09_DB09
-----------------------------------------
Allele   Freq.     Homoz.     Null Heter.
  145    0.0673    0.0000     0.0000 
  149    0.0288    0.0000     0.0000 
  153    0.2067    6.0000     0.0000 
  157    0.4567    23.0000    0.0000 
  161    0.1779    4.0000     0.0000 
  165    0.0288    0.0000     0.0000 
  169    0.0192    0.0000     0.0000 
  173    0.0048    0.0000     0.0000 
  181    0.0096    0.0000     0.0000 
 Null    0.0000 

Population: 23_JA46-09_JR09
-----------------------------------------
Allele   Freq.     Homoz.     Null Heter.
  133    0.0018    0.0000     0.0000 
  135    0.0009    0.0000     0.0000 
  141    0.0062    0.0000     0.0000 
  143    0.0009    0.0000     0.0000 
  145    0.0841    4.7185     8.2815 
  149    0.0158    0.0000     0.0000 
  153    0.1799    18.6730    15.3270
  157    0.3394    66.2020    28.7980
  161    0.2407    35.9525    22.0475
  165    0.0435    0.4549     1.5451 
  169    0.0044    0.0000     0.0000 
  173    0.0070    0.0000     0.0000 
  177    0.0009    0.0000     0.0000 
  181    0.0009    0.0000     0.0000 
 Null    0.0738 

Population: 26_NC44-09_NC09_BW
-----------------------------------------
Allele   Freq.     Homoz.     Null Heter.
  133    0.0211    0.0000     0.0000 
  137    0.0106    0.0000     0.0000 
  145    0.1092    0.0000     0.0000 
  149    0.0141    0.0000     0.0000 
  153    0.1748    2.6434     0.3566 
  157    0.3386    12.1536    0.8464 
  161    0.2472    8.2164     0.7836 
  165    0.0229    0.4923     0.5077 
  169    0.0040    0.1461     0.8539 
  173    0.0352    0.0000     0.0000 
  177    0.0106    0.0000     0.0000 
 Null    0.0118 

Population: 30_SC11-09_SC09_LA
-----------------------------------------
Allele   Freq.     Homoz.     Null Heter.
  133    0.0561    0.0000     0.0000 
  149    0.0047    0.0000     0.0000 
  157    0.7827    65.4879    6.5121 
  161    0.0455    0.7379     1.2621 
  165    0.0093    0.0000     0.0000 
  169    0.0628    0.4467     0.5533 
 Null    0.0389 


Locus: MSM1208NED
=================================
Population: 6_HB54-09_HR09_DN
-----------------------------------------
Allele   Freq.     Homoz.     Null Heter.
  182    0.4660    38.5343    0.4657 
  184    0.3300    17.6980    0.3020 
  186    0.1408    5.7693     0.2307 
  188    0.0426    0.8833     0.1167 
  190    0.0051    0.0000     0.0000 
  192    0.0126    0.0000     0.0000 
 Null    0.0028 

Population: 8_DE54-09_DB09
-----------------------------------------
Allele   Freq.     Homoz.     Null Heter.
  182    0.3729    17.5569    0.4431 
  184    0.3825    17.5678    0.4322 
  186    0.1726    1.8966     0.1034 
  188    0.0577    0.0000     0.0000 
  192    0.0096    0.0000     0.0000 
 Null    0.0047 

Population: 23_JA46-09_JR09
-----------------------------------------
Allele   Freq.     Homoz.     Null Heter.
  182    0.4475    120.2743    0.7257 
  184    0.2966    48.5579    0.4421 
  185    0.0009    0.0000     0.0000 
  186    0.2097    28.6313    0.3687 
  188    0.0378    0.0000     0.0000 
  190    0.0044    0.0000     0.0000 
  192    0.0018    0.0000     0.0000 
 Null    0.0014 

Population: 26_NC44-09_NC09_BW
-----------------------------------------
Allele   Freq.     Homoz.     Null Heter.
  182    0.4262    23.0346    4.9654 
  184    0.2174    7.7321     3.2679 
  186    0.2419    8.6970     3.3030 
  188    0.0299    0.4911     1.5089 
  190    0.0352    0.0000     0.0000 
  192    0.0035    0.0000     0.0000 
 Null    0.0459 

Population: 30_SC11-09_SC09_LA
-----------------------------------------
Allele   Freq.     Homoz.     Null Heter.
  182    0.2776    6.8604     2.1396 
  184    0.1090    1.1147     0.8853 
  186    0.1564    5.1488     2.8512 
  188    0.2342    3.6504     1.3496 
  190    0.1795    4.0473     1.9527 
 Null    0.0433 


Locus: MSM1526PET
=================================
Population: 6_HB54-09_HR09_DN
-----------------------------------------
Allele   Freq.     Homoz.     Null Heter.
  141    0.0051    0.0000     0.0000 
  145    0.0153    0.0000     0.0000 
  147    0.0077    0.0000     0.0000 
  149    0.2117    8.0000     0.0000 
  151    0.3112    20.0000    0.0000 
  153    0.0969    2.0000     0.0000 
  155    0.0765    1.0000     0.0000 
  157    0.0051    0.0000     0.0000 
  159    0.0153    0.0000     0.0000 
  161    0.2551    13.0000    0.0000 
 Null    0.0000 

Population: 8_DE54-09_DB09
-----------------------------------------
Allele   Freq.     Homoz.     Null Heter.
  141    0.0192    0.0000     0.0000 
  143    0.0048    0.0000     0.0000 
  145    0.0529    0.0000     0.0000 
  147    0.0144    0.0000     0.0000 
  149    0.1197    1.8975     0.1025 
  151    0.3307    10.7891    0.2109 
  153    0.0717    0.9173     0.0827 
  155    0.1579    3.8427     0.1573 
  157    0.0048    0.0000     0.0000 
  159    0.0096    0.0000     0.0000 
  161    0.2110    3.8811     0.1189 
 Null    0.0032 

Population: 23_JA46-09_JR09
-----------------------------------------
Allele   Freq.     Homoz.     Null Heter.
  141    0.0123    0.0000     0.0000 
  143    0.0009    0.0000     0.0000 
  145    0.0841    3.6970     0.3030 
  147    0.0088    0.0000     0.0000 
  149    0.1131    4.7128     0.2872 
  151    0.3090    58.6910    1.3090 
  153    0.0918    6.5113     0.4887 
  155    0.2030    28.0478    0.9522 
  157    0.0158    0.0000     0.0000 
  159    0.0105    0.0000     0.0000 
  161    0.1471    12.4182    0.5818 
 Null    0.0034 

Population: 26_NC44-09_NC09_BW
-----------------------------------------
Allele   Freq.     Homoz.     Null Heter.
  141    0.0070    0.0000     0.0000 
  145    0.1092    0.0000     0.0000 
  147    0.0035    0.0000     0.0000 
  149    0.1021    1.0000     0.0000 
  151    0.3099    16.0000    0.0000 
  153    0.0528    0.0000     0.0000 
  155    0.1866    4.0000     0.0000 
  157    0.0141    0.0000     0.0000 
  159    0.0035    0.0000     0.0000 
  161    0.2077    4.0000     0.0000 
  163    0.0035    0.0000     0.0000 
 Null    0.0000 

Population: 30_SC11-09_SC09_LA
-----------------------------------------
Allele   Freq.     Homoz.     Null Heter.
  141    0.0140    0.0000     0.0000 
  143    0.0047    0.0000     0.0000 
  145    0.1587    1.9681     0.0319 
  149    0.0047    0.0000     0.0000 
  151    0.5134    24.8754    0.1246 
  153    0.0280    0.0000     0.0000 
  155    0.0841    0.0000     0.0000 
  161    0.0559    0.9560     0.0440 
  163    0.1352    3.9253     0.0747 
 Null    0.0013 


Locus: MSM1168FAM
=================================
Population: 6_HB54-09_HR09_DN
-----------------------------------------
Allele   Freq.     Homoz.     Null Heter.
  135    0.0079    0.0000     0.0000 
  137    0.2196    8.0000     0.0000 
  139    0.1270    4.0000     0.0000 
  141    0.0026    0.0000     0.0000 
  145    0.0159    0.0000     0.0000 
  147    0.4894    41.0000    0.0000 
  149    0.0370    0.0000     0.0000 
  151    0.0265    0.0000     0.0000 
  153    0.0714    2.0000     0.0000 
  157    0.0026    0.0000     0.0000 
 Null    0.0000 

Population: 8_DE54-09_DB09
-----------------------------------------
Allele   Freq.     Homoz.     Null Heter.
  137    0.2212    7.0000     0.0000 
  139    0.0962    0.0000     0.0000 
  145    0.0096    0.0000     0.0000 
  147    0.5288    28.0000    0.0000 
  149    0.0577    1.0000     0.0000 
  151    0.0529    0.0000     0.0000 
  153    0.0192    0.0000     0.0000 
  155    0.0048    0.0000     0.0000 
  157    0.0096    0.0000     0.0000 
 Null    0.0000 

Population: 23_JA46-09_JR09
-----------------------------------------
Allele   Freq.     Homoz.     Null Heter.
  133    0.0018    0.0000     0.0000 
  135    0.0009    0.0000     0.0000 
  137    0.1795    20.3275    2.6725 
  139    0.1157    6.6442     1.3558 
  141    0.0062    0.0000     0.0000 
  143    0.0009    0.0000     0.0000 
  145    0.0018    0.0000     0.0000 
  147    0.5670    185.2864    7.7136 
  149    0.0498    2.7143     1.2857 
  151    0.0348    0.5958     0.4042 
  153    0.0228    0.0000     0.0000 
  155    0.0018    0.0000     0.0000 
  157    0.0053    0.0000     0.0000 
 Null    0.0118 

Population: 26_NC44-09_NC09_BW
-----------------------------------------
Allele   Freq.     Homoz.     Null Heter.
  135    0.0035    0.0000     0.0000 
  137    0.1631    3.3157     0.6843 
  139    0.0423    0.0000     0.0000 
  141    0.0035    0.0000     0.0000 
  143    0.0035    0.0000     0.0000 
  147    0.7100    70.6510    3.3490 
  149    0.0106    0.0000     0.0000 
  151    0.0246    0.0000     0.0000 
  153    0.0115    0.2540     0.7460 
  155    0.0106    0.0000     0.0000 
 Null    0.0168 

Population: 30_SC11-09_SC09_LA
-----------------------------------------
Allele   Freq.     Homoz.     Null Heter.
  137    0.4475    18.8658    0.1342 
  139    0.2447    8.8844     0.1156 
  147    0.2873    7.9123     0.0877 
  151    0.0189    0.0000     0.0000 
 Null    0.0016 


Locus: MSM1357FAM
=================================
Population: 6_HB54-09_HR09_DN
-----------------------------------------
Allele   Freq.     Homoz.     Null Heter.
  217    0.0141    0.0000     0.0000 
  221    0.0311    0.0000     0.0000 
  225    0.0311    0.0000     0.0000 
  229    0.1017    3.0000     0.0000 
  233    0.1130    2.0000     0.0000 
  237    0.1243    2.0000     0.0000 
  241    0.1921    3.0000     0.0000 
  245    0.0904    1.0000     0.0000 
  249    0.1384    1.0000     0.0000 
  253    0.0706    1.0000     0.0000 
  257    0.0650    0.0000     0.0000 
  261    0.0141    0.0000     0.0000 
  265    0.0141    0.0000     0.0000 
 Null    0.0000 

Population: 8_DE54-09_DB09
-----------------------------------------
Allele   Freq.     Homoz.     Null Heter.
  213    0.0096    0.0000     0.0000 
  217    0.0048    0.0000     0.0000 
  221    0.0337    0.0000     0.0000 
  225    0.0481    0.0000     0.0000 
  229    0.0817    0.0000     0.0000 
  233    0.1394    1.0000     0.0000 
  237    0.2308    5.0000     0.0000 
  241    0.1202    2.0000     0.0000 
  245    0.0865    0.0000     0.0000 
  249    0.0625    2.0000     0.0000 
  253    0.0625    0.0000     0.0000 
  257    0.0625    1.0000     0.0000 
  261    0.0192    0.0000     0.0000 
  265    0.0240    0.0000     0.0000 
  269    0.0048    0.0000     0.0000 
  281    0.0096    0.0000     0.0000 
 Null    0.0000 

Population: 23_JA46-09_JR09
-----------------------------------------
Allele   Freq.     Homoz.     Null Heter.
  213    0.0185    1.0000     0.0000 
  221    0.0562    2.0000     0.0000 
  225    0.0369    0.0000     0.0000 
  229    0.0817    3.0000     0.0000 
  232    0.0009    0.0000     0.0000 
  233    0.1406    7.0000     0.0000 
  236    0.0018    0.0000     0.0000 
  237    0.1933    21.0000    0.0000 
  241    0.1142    7.0000     0.0000 
  245    0.1186    4.0000     0.0000 
  248    0.0009    0.0000     0.0000 
  249    0.0747    8.0000     0.0000 
  252    0.0018    0.0000     0.0000 
  253    0.0448    1.0000     0.0000 
  257    0.0518    1.0000     0.0000 
  261    0.0272    0.0000     0.0000 
  262    0.0009    0.0000     0.0000 
  264    0.0009    0.0000     0.0000 
  265    0.0176    0.0000     0.0000 
  269    0.0053    0.0000     0.0000 
  273    0.0018    0.0000     0.0000 
  277    0.0079    0.0000     0.0000 
  281    0.0018    0.0000     0.0000 
 Null    0.0000 

Population: 26_NC44-09_NC09_BW
-----------------------------------------
Allele   Freq.     Homoz.     Null Heter.
  209    0.0035    0.0000     0.0000 
  213    0.0070    0.0000     0.0000 
  217    0.0070    0.0000     0.0000 
  221    0.0528    1.0000     0.0000 
  225    0.1197    1.0000     0.0000 
  229    0.0810    1.0000     0.0000 
  232    0.0035    0.0000     0.0000 
  233    0.1373    2.0000     0.0000 
  237    0.1408    3.0000     0.0000 
  241    0.1056    0.0000     0.0000 
  245    0.1092    1.0000     0.0000 
  249    0.0915    1.0000     0.0000 
  253    0.0704    0.0000     0.0000 
  257    0.0246    0.0000     0.0000 
  261    0.0176    0.0000     0.0000 
  262    0.0035    0.0000     0.0000 
  265    0.0035    0.0000     0.0000 
  269    0.0035    0.0000     0.0000 
  273    0.0035    0.0000     0.0000 
  281    0.0141    0.0000     0.0000 
 Null    0.0000 

Population: 30_SC11-09_SC09_LA
-----------------------------------------
Allele   Freq.     Homoz.     Null Heter.
  217    0.0896    0.0000     0.0000 
  221    0.0660    0.0000     0.0000 
  225    0.0660    0.0000     0.0000 
  229    0.0566    1.0000     0.0000 
  233    0.2170    3.0000     0.0000 
  237    0.0943    0.0000     0.0000 
  241    0.0330    0.0000     0.0000 
  245    0.0283    0.0000     0.0000 
  253    0.0896    0.0000     0.0000 
  257    0.0189    0.0000     0.0000 
  261    0.2311    8.0000     0.0000 
  265    0.0094    0.0000     0.0000 
 Null    0.0000 


Locus: MSM1592NED
=================================
Population: 6_HB54-09_HR09_DN
-----------------------------------------
Allele   Freq.     Homoz.     Null Heter.
  138    0.0027    0.0000     0.0000 
  146    0.0546    0.0000     0.0000 
  150    0.0027    0.0000     0.0000 
  158    0.0055    0.0000     0.0000 
  162    0.0082    0.0000     0.0000 
  166    0.0246    0.0000     0.0000 
  170    0.0464    0.0000     0.0000 
  174    0.1557    5.0000     0.0000 
  178    0.1202    1.0000     0.0000 
  182    0.0492    2.0000     0.0000 
  186    0.1093    2.0000     0.0000 
  190    0.0492    0.0000     0.0000 
  194    0.0437    1.0000     0.0000 
  198    0.1093    1.0000     0.0000 
  202    0.0710    1.0000     0.0000 
  206    0.0273    0.0000     0.0000 
  210    0.0492    0.0000     0.0000 
  214    0.0437    0.0000     0.0000 
  218    0.0109    0.0000     0.0000 
  222    0.0137    0.0000     0.0000 
  230    0.0027    0.0000     0.0000 
 Null    0.0000 

Population: 8_DE54-09_DB09
-----------------------------------------
Allele   Freq.     Homoz.     Null Heter.
  146    0.0192    0.0000     0.0000 
  150    0.0096    0.0000     0.0000 
  154    0.0096    0.0000     0.0000 
  158    0.0240    0.0000     0.0000 
  162    0.0048    0.0000     0.0000 
  166    0.0769    0.0000     0.0000 
  170    0.0625    1.0000     0.0000 
  174    0.1538    2.0000     0.0000 
  178    0.0913    2.0000     0.0000 
  182    0.0673    0.0000     0.0000 
  186    0.0673    0.0000     0.0000 
  190    0.1106    0.0000     0.0000 
  194    0.0673    0.0000     0.0000 
  198    0.0625    0.0000     0.0000 
  202    0.0962    0.0000     0.0000 
  206    0.0337    1.0000     0.0000 
  210    0.0096    0.0000     0.0000 
  214    0.0192    0.0000     0.0000 
  226    0.0096    0.0000     0.0000 
  230    0.0048    0.0000     0.0000 
 Null    0.0000 

Population: 23_JA46-09_JR09
-----------------------------------------
Allele   Freq.     Homoz.     Null Heter.
  142    0.0035    0.0000     0.0000 
  146    0.0053    0.0000     0.0000 
  150    0.0088    0.0000     0.0000 
  154    0.0149    0.0000     0.0000 
  158    0.0167    0.0000     0.0000 
  162    0.0088    0.0000     0.0000 
  166    0.0554    0.0000     0.0000 
  170    0.0483    2.0000     0.0000 
  174    0.1388    10.0000    0.0000 
  175    0.0009    0.0000     0.0000 
  178    0.0984    6.0000     0.0000 
  182    0.0940    2.0000     0.0000 
  186    0.0826    7.0000     0.0000 
  190    0.0624    1.0000     0.0000 
  193    0.0009    0.0000     0.0000 
  194    0.0967    5.0000     0.0000 
  198    0.0782    4.0000     0.0000 
  202    0.0764    2.0000     0.0000 
  206    0.0351    0.0000     0.0000 
  210    0.0290    0.0000     0.0000 
  214    0.0114    0.0000     0.0000 
  218    0.0158    0.0000     0.0000 
  222    0.0105    0.0000     0.0000 
  226    0.0044    0.0000     0.0000 
  230    0.0026    0.0000     0.0000 
 Null    0.0000 

Population: 26_NC44-09_NC09_BW
-----------------------------------------
Allele   Freq.     Homoz.     Null Heter.
  150    0.0035    0.0000     0.0000 
  158    0.0106    0.0000     0.0000 
  162    0.0070    0.0000     0.0000 
  166    0.0448    0.7261     0.2739 
  170    0.0458    0.0000     0.0000 
  174    0.1286    3.5354     0.4646 
  178    0.0704    0.0000     0.0000 
  182    0.0863    2.5086     0.4914 
  186    0.1122    0.8691     0.1309 
  190    0.0798    1.6502     0.3498 
  194    0.1542    1.8024     0.1976 
  198    0.0484    0.7411     0.2589 
  202    0.0634    0.0000     0.0000 
  206    0.0555    0.7666     0.2334 
  210    0.0246    0.0000     0.0000 
  214    0.0352    0.0000     0.0000 
  218    0.0070    0.0000     0.0000 
  222    0.0106    0.0000     0.0000 
  226    0.0035    0.0000     0.0000 
 Null    0.0085 

Population: 30_SC11-09_SC09_LA
-----------------------------------------
Allele   Freq.     Homoz.     Null Heter.
  154    0.0047    0.0000     0.0000 
  158    0.0607    0.0000     0.0000 
  162    0.0047    0.0000     0.0000 
  170    0.0234    0.0000     0.0000 
  174    0.0187    0.0000     0.0000 
  178    0.0783    0.7552     0.2448 
  182    0.1057    1.6126     0.3874 
  186    0.2969    5.5273     0.4727 
  190    0.0688    0.7306     0.2694 
  194    0.1746    4.3653     0.6347 
  198    0.0280    0.0000     0.0000 
  202    0.1182    3.2928     0.7072 
  210    0.0047    0.0000     0.0000 
 Null    0.0127 


Locus: MSM1139PET
=================================
Population: 6_HB54-09_HR09_DN
-----------------------------------------
Allele   Freq.     Homoz.     Null Heter.
  155    0.0357    0.0000     0.0000 
  161    0.0027    0.0000     0.0000 
  165    0.0082    0.0000     0.0000 
  167    0.1841    6.0000     0.0000 
  169    0.0027    0.0000     0.0000 
  171    0.0797    2.0000     0.0000 
  173    0.0220    0.0000     0.0000 
  177    0.0165    0.0000     0.0000 
  179    0.2830    10.0000    0.0000 
  183    0.2033    7.0000     0.0000 
  185    0.0137    0.0000     0.0000 
  192    0.0412    1.0000     0.0000 
  196    0.0440    0.0000     0.0000 
  198    0.0247    0.0000     0.0000 
  208    0.0220    0.0000     0.0000 
  220    0.0165    0.0000     0.0000 
 Null    0.0000 

Population: 8_DE54-09_DB09
-----------------------------------------
Allele   Freq.     Homoz.     Null Heter.
  155    0.0288    0.0000     0.0000 
  161    0.0144    0.0000     0.0000 
  165    0.0096    0.0000     0.0000 
  167    0.1010    1.0000     0.0000 
  171    0.0625    0.0000     0.0000 
  173    0.0048    0.0000     0.0000 
  177    0.0096    0.0000     0.0000 
  179    0.2788    9.0000     0.0000 
  181    0.0144    0.0000     0.0000 
  183    0.2885    7.0000     0.0000 
  185    0.0288    0.0000     0.0000 
  192    0.0288    0.0000     0.0000 
  196    0.0433    0.0000     0.0000 
  197    0.0048    0.0000     0.0000 
  198    0.0048    0.0000     0.0000 
  200    0.0288    0.0000     0.0000 
  208    0.0192    0.0000     0.0000 
  220    0.0288    0.0000     0.0000 
 Null    0.0000 

Population: 23_JA46-09_JR09
-----------------------------------------
Allele   Freq.     Homoz.     Null Heter.
  155    0.0144    0.4267     0.5733 
  161    0.0100    0.3394     0.6606 
  165    0.0009    0.0000     0.0000 
  167    0.1108    5.1063     0.8937 
  171    0.0770    1.5975     0.4025 
  173    0.0018    0.0000     0.0000 
  174    0.0009    0.0000     0.0000 
  177    0.0097    0.0000     0.0000 
  179    0.2199    31.2445    2.7555 
  181    0.0141    0.0000     0.0000 
  183    0.3123    58.3748    3.6252 
  184    0.0009    0.0452     0.9548 
  185    0.0132    0.0000     0.0000 
  192    0.0375    0.6590     0.3410 
  193    0.0009    0.0000     0.0000 
  196    0.0578    0.7487     0.2513 
  197    0.0018    0.0000     0.0000 
  198    0.0176    0.0000     0.0000 
  200    0.0360    0.0000     0.0000 
  208    0.0026    0.0000     0.0000 
  212    0.0009    0.0000     0.0000 
  220    0.0478    1.4230     0.5770 
  221    0.0018    0.0000     0.0000 
 Null    0.0097 

Population: 26_NC44-09_NC09_BW
-----------------------------------------
Allele   Freq.     Homoz.     Null Heter.
  155    0.0163    0.6225     2.3775 
  161    0.0148    0.1919     0.8081 
  167    0.0915    0.0000     0.0000 
  171    0.0293    0.3203     0.6797 
  173    0.0074    0.1066     0.8934 
  177    0.0282    0.0000     0.0000 
  179    0.3482    11.8790    2.1210 
  181    0.0211    0.0000     0.0000 
  182    0.0035    0.0000     0.0000 
  183    0.2889    9.0523     1.9477 
  185    0.0070    0.0000     0.0000 
  192    0.0387    0.0000     0.0000 
  196    0.0246    0.0000     0.0000 
  200    0.0211    0.0000     0.0000 
  208    0.0106    0.0000     0.0000 
  211    0.0141    0.0000     0.0000 
  220    0.0035    0.0000     0.0000 
 Null    0.0311 

Population: 30_SC11-09_SC09_LA
-----------------------------------------
Allele   Freq.     Homoz.     Null Heter.
  155    0.0187    0.0000     0.0000 
  171    0.2243    4.0000     0.0000 
  179    0.4626    26.0000    0.0000 
  183    0.0561    0.0000     0.0000 
  185    0.0748    0.0000     0.0000 
  192    0.1495    2.0000     0.0000 
  208    0.0140    0.0000     0.0000 
 Null    0.0000 



(Locus by population) table of estimated null allele frequencies
================================================================
Locus:     Populations (! names truncated to 6 characters):
           6_HB54 8_DE54 23_JA4 26_NC4 30_SC1 
           -----------------------------------------------------
MSM1144FAM 0.0000 0.0000 0.0088 0.0000 0.0000 
MSM1243FAM 0.0033 0.0000 0.0000 0.0000 0.0382 
MSM1602VIC 0.0000 0.0000 0.0078 0.0034 0.0000 
MSM1096NED 0.0315 0.0183 0.0537 0.0193 0.0000 
MSM1095PET 0.0163 0.0100 0.0358 0.0466 0.0315 
MSM1094FAM 0.0179 0.0000 0.0000 0.0253 0.0532 
MSM1067FAM 0.0185 0.0378 0.0215 0.0027 0.0117 
MSM1603VIC 0.0440 0.0000 0.0738 0.0118 0.0389 
MSM1208NED 0.0028 0.0047 0.0014 0.0459 0.0433 
MSM1526PET 0.0000 0.0032 0.0034 0.0000 0.0013 
MSM1168FAM 0.0000 0.0000 0.0118 0.0168 0.0016 
MSM1357FAM 0.0000 0.0000 0.0000 0.0000 0.0000 
MSM1592NED 0.0000 0.0000 0.0000 0.0085 0.0127 
MSM1139PET 0.0000 0.0000 0.0097 0.0311 0.0000 
================================================================


Confidence intervals for null allele frequencies
=================================================
                       Frequency   0.0250   0.9750 
Locus      Population   estimate   bound    bound
-------------------------------------------------
MSM1144FAM 6_HB54-09_H 0.0000     (No info for CI)
           8_DE54-09_D 0.0000     (No info for CI)
           23_JA46-09_ 0.0088     0.0000  0.0239  
           26_NC44-09_ 0.0000     (No info for CI)
           30_SC11-09_ 0.0000     (No info for CI)
MSM1243FAM 6_HB54-09_H 0.0033     0.0000  0.0406  
           8_DE54-09_D 0.0000     (No info for CI)
           23_JA46-09_ 0.0000     (No info for CI)
           26_NC44-09_ 0.0000     (No info for CI)
           30_SC11-09_ 0.0382     0.0000  0.0988  
MSM1602VIC 6_HB54-09_H 0.0000     (No info for CI)
           8_DE54-09_D 0.0000     (No info for CI)
           23_JA46-09_ 0.0078     0.0000  0.0223  
           26_NC44-09_ 0.0034     0.0000  0.0384  
           30_SC11-09_ 0.0000     (No info for CI)
MSM1096NED 6_HB54-09_H 0.0315     0.0000  0.0737  
           8_DE54-09_D 0.0183     0.0000  0.0748  
           23_JA46-09_ 0.0537     0.0317  0.0796  
           26_NC44-09_ 0.0193     (No info for CI)
           30_SC11-09_ 0.0000     (No info for CI)
MSM1095PET 6_HB54-09_H 0.0163     0.0000  0.0525  
           8_DE54-09_D 0.0100     0.0000  0.0630  
           23_JA46-09_ 0.0358     0.0175  0.0575  
           26_NC44-09_ 0.0466     0.0200  0.0878  
           30_SC11-09_ 0.0315     0.0000  0.0873  
MSM1094FAM 6_HB54-09_H 0.0179     0.0000  0.0549  
           8_DE54-09_D 0.0000     (No info for CI)
           23_JA46-09_ 0.0000     0.0000  0.0109  
           26_NC44-09_ 0.0253     0.0000  0.0692  
           30_SC11-09_ 0.0532     0.0142  0.1043  
MSM1067FAM 6_HB54-09_H 0.0185     0.0000  0.0579  
           8_DE54-09_D 0.0378     0.0000  0.0985  
           23_JA46-09_ 0.0215     0.0036  0.0443  
           26_NC44-09_ 0.0027     0.0000  0.0474  
           30_SC11-09_ 0.0117     (No info for CI)
MSM1603VIC 6_HB54-09_H 0.0440     0.0146  0.0813  
           8_DE54-09_D 0.0000     (No info for CI)
           23_JA46-09_ 0.0738     0.0511  0.1001  
           26_NC44-09_ 0.0118     0.0001  0.0467  
           30_SC11-09_ 0.0389     0.0000  0.1069  
MSM1208NED 6_HB54-09_H 0.0028     0.0000  0.0501  
           8_DE54-09_D 0.0047     0.0000  0.0616  
           23_JA46-09_ 0.0014     0.0000  0.0249  
           26_NC44-09_ 0.0459     0.0082  0.0948  
           30_SC11-09_ 0.0433     0.0024  0.0957  
MSM1526PET 6_HB54-09_H 0.0000     (No info for CI)
           8_DE54-09_D 0.0032     0.0000  0.0548  
           23_JA46-09_ 0.0034     0.0000  0.0219  
           26_NC44-09_ 0.0000     (No info for CI)
           30_SC11-09_ 0.0013     0.0000  0.0547  
MSM1168FAM 6_HB54-09_H 0.0000     (No info for CI)
           8_DE54-09_D 0.0000     (No info for CI)
           23_JA46-09_ 0.0118     0.0000  0.0333  
           26_NC44-09_ 0.0168     (No info for CI)
           30_SC11-09_ 0.0016     0.0000  0.0578  
MSM1357FAM 6_HB54-09_H 0.0000     (No info for CI)
           8_DE54-09_D 0.0000     0.0000  0.0302  
           23_JA46-09_ 0.0000     0.0000  0.0102  
           26_NC44-09_ 0.0000     (No info for CI)
           30_SC11-09_ 0.0000     (No info for CI)
MSM1592NED 6_HB54-09_H 0.0000     (No info for CI)
           8_DE54-09_D 0.0000     (No info for CI)
           23_JA46-09_ 0.0000     (No info for CI)
           26_NC44-09_ 0.0085     0.0000  0.0406  
           30_SC11-09_ 0.0127     0.0000  0.0576  
MSM1139PET 6_HB54-09_H 0.0000     (No info for CI)
           8_DE54-09_D 0.0000     (No info for CI)
           23_JA46-09_ 0.0097     0.0011  0.0251  
           26_NC44-09_ 0.0311     0.0113  0.0664  
           30_SC11-09_ 0.0000     (No info for CI)
=================================================

Normal ending.
