Genepop 4.8.2
Pairwise Fst's

One locus estimates following standard ANOVA as in Weir and Cockerham (1984)

File: ../data/fish/SBmicro_pops.txt (Striped bass Morone saxatilis, microsatellite data)

Number of populations detected : 5
Number of loci detected        : 14

Indices for populations:
----     -------------
1        6_HB54-0
2        8_DE54-0
3        23_JA46-
4        26_NC44-
5        30_SC11-
----------------------

Estimates for each locus:
========================
  Locus: MSM1144FAM
---------------------------------
pop      1       2       3       4       
2      0.0081 
3      0.0094  0.0008 
4      0.0074  0.0031  0.0039 
5      0.0963  0.0700  0.0530  0.0615 

  Locus: MSM1243FAM
---------------------------------
pop      1       2       3       4       
2      0.0159 
3      0.0116 -0.0007 
4     -0.0007  0.0127  0.0082 
5      0.1114  0.1932  0.1802  0.1231 

  Locus: MSM1602VIC
---------------------------------
pop      1       2       3       4       
2      0.0103 
3      0.0066 -0.0001 
4      0.0150  0.0091  0.0063 
5      0.0284  0.0587  0.0486  0.0599 

  Locus: MSM1096NED
---------------------------------
pop      1       2       3       4       
2     -0.0002 
3      0.0043  0.0076 
4      0.0052  0.0115  0.0015 
5      0.1378  0.1439  0.1271  0.1572 

  Locus: MSM1095PET
---------------------------------
pop      1       2       3       4       
2      0.0083 
3      0.0057  0.0028 
4      0.0065 -0.0011  0.0068 
5      0.0283  0.0477  0.0424  0.0407 

  Locus: MSM1094FAM
---------------------------------
pop      1       2       3       4       
2      0.0028 
3      0.0019 -0.0004 
4      0.0073  0.0177  0.0109 
5      0.0603  0.0837  0.0736  0.0506 

  Locus: MSM1067FAM
---------------------------------
pop      1       2       3       4       
2      0.0087 
3      0.0010  0.0020 
4     -0.0007  0.0004 -0.0010 
5      0.0705  0.0661  0.0634  0.0646 

  Locus: MSM1603VIC
---------------------------------
pop      1       2       3       4       
2      0.0468 
3      0.0161  0.0077 
4      0.0142  0.0104 -0.0004 
5      0.2607  0.1584  0.1771  0.2073 

  Locus: MSM1208NED
---------------------------------
pop      1       2       3       4       
2      0.0067 
3      0.0029  0.0085 
4      0.0150  0.0213  0.0040 
5      0.0942  0.0872  0.0860  0.0615 

  Locus: MSM1526PET
---------------------------------
pop      1       2       3       4       
2      0.0087 
3      0.0235  0.0022 
4      0.0200 -0.0007  0.0017 
5      0.0979  0.0639  0.0594  0.0620 

  Locus: MSM1168FAM
---------------------------------
pop      1       2       3       4       
2      0.0009 
3      0.0066  0.0007 
4      0.0524  0.0390  0.0233 
5      0.0742  0.0885  0.1168  0.2207 

  Locus: MSM1357FAM
---------------------------------
pop      1       2       3       4       
2      0.0098 
3      0.0088 -0.0005 
4      0.0090  0.0055  0.0046 
5      0.0606  0.0481  0.0460  0.0424 

  Locus: MSM1592NED
---------------------------------
pop      1       2       3       4       
2      0.0058 
3      0.0052  0.0009 
4      0.0113  0.0048  0.0022 
5      0.0497  0.0497  0.0403  0.0302 

  Locus: MSM1139PET
---------------------------------
pop      1       2       3       4       
2      0.0061 
3      0.0135  0.0009 
4      0.0140  0.0019  0.0131 
5      0.0722  0.0815  0.0999  0.0791 

Estimates for all loci (diploid):
=========================
pop      1       2       3       4       
2      0.0102 
3      0.0086  0.0022 
4      0.0122  0.0089  0.0059 
5      0.0887  0.0867  0.0853  0.0870 

The file ../data/fish/SBmicro_pops.txt.MIG contains the matrix ready for further analysis
Normal ending.
