Genepop 4.8.2: Hardy-Weinberg test

File: ../data/fish/SBmicro_pops.txt (Striped bass Morone saxatilis, microsatellite data)

Number of populations detected:    5
Number of loci detected:           14


Estimation of exact P-Values by the Markov chain method. 
---------------------------------------------
Markov chain parameters for all tests:
Dememorization:              10000
Batches:                     20
Iterations per batch:        5000
Hardy Weinberg: Probability test
        ************************


==========================================
     Results by locus
==========================================


Locus "MSM1144FAM"
-----------------------------------------
                             Fis estimates
                            ---------------
POP         P-val   S.E.    W&C     R&H     Steps 
----------- ------- ------- ------- ------- ------
6_HB54-09_  0.4906  0.0825  -0.0002 -0.0039   2603 switches
8_DE54-09_  0.6340  0.0533  -0.0551 -0.0284   4680 switches
23_JA46-09  0.2140  0.0399   0.0174  0.0133  11655 switches
26_NC44-09  0.8123  0.0456   0.0065 -0.0076   3229 switches
30_SC11-09  0.1498  0.0282  -0.0223 -0.0143  10740 switches

All (Fisher's method):
 Chi2:    9.6320
 Df   :    10
 Prob :    0.473353

Locus "MSM1243FAM"
-----------------------------------------
                             Fis estimates
                            ---------------
POP         P-val   S.E.    W&C     R&H     Steps 
----------- ------- ------- ------- ------- ------
6_HB54-09_  0.1745  0.0229  -0.0115  0.0051   9240 switches
8_DE54-09_  0.8046  0.0083  -0.0865 -0.0606  31412 switches
23_JA46-09  0.5574  0.0263  -0.0396 -0.0229  40751 switches
26_NC44-09  0.1170  0.0111  -0.0352 -0.0046  26897 switches
30_SC11-09  0.0724  0.0049   0.0788  0.1152  37237 switches

All (Fisher's method):
 Chi2:    14.6364
 Df   :    10
 Prob :    0.145890

Locus "MSM1602VIC"
-----------------------------------------
                             Fis estimates
                            ---------------
POP         P-val   S.E.    W&C     R&H     Steps 
----------- ------- ------- ------- ------- ------
6_HB54-09_  0.9649  0.0115  -0.0174 -0.0146  13539 switches
8_DE54-09_  0.2047  0.0215  -0.0388 -0.0179  17900 switches
23_JA46-09  0.6575  0.0348   0.0182  0.0165  22753 switches
26_NC44-09  0.8292  0.0214   0.0098  0.0035  13616 switches
30_SC11-09  0.4035  0.0308  -0.0190 -0.0293   8842 switches

All (Fisher's method):
 Chi2:    6.2722
 Df   :    10
 Prob :    0.791898

Locus "MSM1096NED"
-----------------------------------------
                             Fis estimates
                            ---------------
POP         P-val   S.E.    W&C     R&H     Steps 
----------- ------- ------- ------- ------- ------
6_HB54-09_  0.1678  0.0215   0.0489 -0.0003  13314 switches
8_DE54-09_  0.1335  0.0155  -0.0981 -0.0397   7623 switches
23_JA46-09  0.5192  0.0356   0.0243 -0.0082  19745 switches
26_NC44-09  0.7267  0.0300  -0.0087 -0.0141   6431 switches
30_SC11-09  0.3212  0.0142  -0.0869 -0.0656  34500 switches

All (Fisher's method):
 Chi2:    11.8175
 Df   :    10
 Prob :    0.297455

Locus "MSM1095PET"
-----------------------------------------
                             Fis estimates
                            ---------------
POP         P-val   S.E.    W&C     R&H     Steps 
----------- ------- ------- ------- ------- ------
6_HB54-09_  0.9696  0.0069   0.0116 -0.0007   9510 switches
8_DE54-09_  0.3722  0.0269  -0.0203  0.0134   9124 switches
23_JA46-09  0.1797  0.0334   0.0051 -0.0028   6169 switches
26_NC44-09  0.0497  0.0154  -0.0304  0.0434  11558 switches
30_SC11-09  0.0698  0.0079  -0.0513 -0.0379  26142 switches

All (Fisher's method):
 Chi2:    16.7994
 Df   :    10
 Prob :    0.078922

Locus "MSM1094FAM"
-----------------------------------------
                             Fis estimates
                            ---------------
POP         P-val   S.E.    W&C     R&H     Steps 
----------- ------- ------- ------- ------- ------
6_HB54-09_  0.1388  0.0210   0.0419  0.0210   8680 switches
8_DE54-09_  0.5291  0.0167  -0.0366 -0.0283  15838 switches
23_JA46-09  0.3033  0.0353  -0.0290 -0.0064  12148 switches
26_NC44-09  0.2008  0.0213   0.0656  0.0276  10958 switches
30_SC11-09  0.0359  0.0054   0.1166  0.0925  26845 switches

All (Fisher's method):
 Chi2:    17.4754
 Df   :    10
 Prob :    0.064484

Locus "MSM1067FAM"
-----------------------------------------
                             Fis estimates
                            ---------------
POP         P-val   S.E.    W&C     R&H     Steps 
----------- ------- ------- ------- ------- ------
6_HB54-09_  0.0824  0.0215   0.0139  0.0166   9572 switches
8_DE54-09_  0.5195  0.0208   0.0765  0.0210   9362 switches
23_JA46-09  0.8091  0.0346  -0.0050  0.0004   7676 switches
26_NC44-09  0.2462  0.0208  -0.0542 -0.0039  17667 switches
30_SC11-09  0.0464  0.0066  -0.0729  0.1787  21343 switches

All (Fisher's method):
 Chi2:    15.6677
 Df   :    10
 Prob :    0.109548

Locus "MSM1603VIC"
-----------------------------------------
                             Fis estimates
                            ---------------
POP         P-val   S.E.    W&C     R&H     Steps 
----------- ------- ------- ------- ------- ------
6_HB54-09_  0.0287  0.0126   0.1055  0.0551   7186 switches
8_DE54-09_  0.9977  0.0008   0.0173 -0.0066   8492 switches
23_JA46-09  0.0000  0.0000   0.1428  0.0778   5156 switches
26_NC44-09  0.2259  0.0277  -0.0412  0.0966  10126 switches
30_SC11-09  0.2070  0.0220   0.0949  0.0718   7602 switches

All (Fisher's method):
 Chi2:     > 45.1188
 Df   :    10
 Prob :     < 2.07e-06

Locus "MSM1208NED"
-----------------------------------------
                             Fis estimates
                            ---------------
POP         P-val   S.E.    W&C     R&H     Steps 
----------- ------- ------- ------- ------- ------
6_HB54-09_  0.0883  0.0118  -0.0484  0.0028  13692 switches
8_DE54-09_  0.5397  0.0167   0.0478 -0.0055  17976 switches
23_JA46-09  0.6271  0.0419   0.0082 -0.0038  11780 switches
26_NC44-09  0.4445  0.0188   0.0087  0.0307  19611 switches
30_SC11-09  0.0030  0.0008   0.0691  0.0711  38099 switches

All (Fisher's method):
 Chi2:    20.2877
 Df   :    10
 Prob :    0.026646

Locus "MSM1526PET"
-----------------------------------------
                             Fis estimates
                            ---------------
POP         P-val   S.E.    W&C     R&H     Steps 
----------- ------- ------- ------- ------- ------
6_HB54-09_  0.9317  0.0125  -0.0139 -0.0085  11029 switches
8_DE54-09_  0.5906  0.0325   0.0154  0.0085   9246 switches
23_JA46-09  0.5494  0.0410   0.0240  0.0048  25244 switches
26_NC44-09  0.8681  0.0159  -0.0256 -0.0246   9152 switches
30_SC11-09  0.5121  0.0314  -0.0247  0.0066  10329 switches

All (Fisher's method):
 Chi2:    4.0142
 Df   :    10
 Prob :    0.946703

Locus "MSM1168FAM"
-----------------------------------------
                             Fis estimates
                            ---------------
POP         P-val   S.E.    W&C     R&H     Steps 
----------- ------- ------- ------- ------- ------
6_HB54-09_  0.3802  0.0280  -0.0269 -0.0028   9769 switches
8_DE54-09_  0.9514  0.0108   0.0004  0.0011   6112 switches
23_JA46-09  0.5068  0.0381   0.0249  0.0058   4672 switches
26_NC44-09  0.1482  0.0278   0.0148  0.0473   2757 switches
30_SC11-09  0.5272  0.0083  -0.0021  0.0076  41138 switches

All (Fisher's method):
 Chi2:    8.4920
 Df   :    10
 Prob :    0.580899

Locus "MSM1357FAM"
-----------------------------------------
                             Fis estimates
                            ---------------
POP         P-val   S.E.    W&C     R&H     Steps 
----------- ------- ------- ------- ------- ------
6_HB54-09_  0.9835  0.0037  -0.0436 -0.0282  24128 switches
8_DE54-09_  0.6441  0.0495  -0.0086 -0.0019   8345 switches
23_JA46-09  0.4062  0.0562  -0.0126 -0.0026   6794 switches
26_NC44-09  0.9876  0.0061  -0.0294 -0.0137   4861 switches
30_SC11-09  0.1396  0.0179  -0.0261 -0.0296  17730 switches

All (Fisher's method):
 Chi2:    6.6778
 Df   :    10
 Prob :    0.755469

Locus "MSM1592NED"
-----------------------------------------
                             Fis estimates
                            ---------------
POP         P-val   S.E.    W&C     R&H     Steps 
----------- ------- ------- ------- ------- ------
6_HB54-09_  0.5014  0.0487  -0.0132 -0.0075   8631 switches
8_DE54-09_  0.4090  0.0516  -0.0235 -0.0070   5977 switches
23_JA46-09  0.6139  0.0630  -0.0133 -0.0105  10915 switches
26_NC44-09  0.5988  0.0373   0.0218  0.0150   8678 switches
30_SC11-09  0.0005  0.0004   0.0210  0.0201   9444 switches

All (Fisher's method):
 Chi2:    20.2180
 Df   :    10
 Prob :    0.027257

Locus "MSM1139PET"
-----------------------------------------
                             Fis estimates
                            ---------------
POP         P-val   S.E.    W&C     R&H     Steps 
----------- ------- ------- ------- ------- ------
6_HB54-09_  0.9440  0.0123  -0.0286 -0.0084   7803 switches
8_DE54-09_  0.9522  0.0219  -0.0263 -0.0170   2793 switches
23_JA46-09  0.0000  0.0000   0.0187  0.0433   4257 switches
26_NC44-09  0.0000  0.0000  -0.0097  0.1092   3818 switches
30_SC11-09  0.5746  0.0227   0.0091 -0.0259  23183 switches

All (Fisher's method):
 Chi2:     > 65.0911
 Df   :    10
 Prob :     < 3.89e-10

==========================================
     Results by population
==========================================


Pop : 6_HB54-09_HR09_DN
-----------------------------------------
                             Fis estimates
                            ---------------
locus       P-val   S.E.    W&C     R&H     Steps 
----------- ------- ------- ------- ------- ------
MSM1144FAM  0.4906  0.0825  -0.0002 -0.0039   2603 switches
MSM1243FAM  0.1745  0.0229  -0.0115  0.0051   9240 switches
MSM1602VIC  0.9649  0.0115  -0.0174 -0.0146  13539 switches
MSM1096NED  0.1678  0.0215   0.0489 -0.0003  13314 switches
MSM1095PET  0.9696  0.0069   0.0116 -0.0007   9510 switches
MSM1094FAM  0.1388  0.0210   0.0419  0.0210   8680 switches
MSM1067FAM  0.0824  0.0215   0.0139  0.0166   9572 switches
MSM1603VIC  0.0287  0.0126   0.1055  0.0551   7186 switches
MSM1208NED  0.0883  0.0118  -0.0484  0.0028  13692 switches
MSM1526PET  0.9317  0.0125  -0.0139 -0.0085  11029 switches
MSM1168FAM  0.3802  0.0280  -0.0269 -0.0028   9769 switches
MSM1357FAM  0.9835  0.0037  -0.0436 -0.0282  24128 switches
MSM1592NED  0.5014  0.0487  -0.0132 -0.0075   8631 switches
MSM1139PET  0.9440  0.0123  -0.0286 -0.0084   7803 switches

All (Fisher's method):
 Chi2 :    33.1230
 Df   :    28
 Prob :    0.231243

Pop : 8_DE54-09_DB09
-----------------------------------------
                             Fis estimates
                            ---------------
locus       P-val   S.E.    W&C     R&H     Steps 
----------- ------- ------- ------- ------- ------
MSM1144FAM  0.6340  0.0533  -0.0551 -0.0284   4680 switches
MSM1243FAM  0.8046  0.0083  -0.0865 -0.0606  31412 switches
MSM1602VIC  0.2047  0.0215  -0.0388 -0.0179  17900 switches
MSM1096NED  0.1335  0.0155  -0.0981 -0.0397   7623 switches
MSM1095PET  0.3722  0.0269  -0.0203  0.0134   9124 switches
MSM1094FAM  0.5291  0.0167  -0.0366 -0.0283  15838 switches
MSM1067FAM  0.5195  0.0208   0.0765  0.0210   9362 switches
MSM1603VIC  0.9977  0.0008   0.0173 -0.0066   8492 switches
MSM1208NED  0.5397  0.0167   0.0478 -0.0055  17976 switches
MSM1526PET  0.5906  0.0325   0.0154  0.0085   9246 switches
MSM1168FAM  0.9514  0.0108   0.0004  0.0011   6112 switches
MSM1357FAM  0.6441  0.0495  -0.0086 -0.0019   8345 switches
MSM1592NED  0.4090  0.0516  -0.0235 -0.0070   5977 switches
MSM1139PET  0.9522  0.0219  -0.0263 -0.0170   2793 switches

All (Fisher's method):
 Chi2 :    18.2620
 Df   :    28
 Prob :    0.919358

Pop : 23_JA46-09_JR09
-----------------------------------------
                             Fis estimates
                            ---------------
locus       P-val   S.E.    W&C     R&H     Steps 
----------- ------- ------- ------- ------- ------
MSM1144FAM  0.2140  0.0399   0.0174  0.0133  11655 switches
MSM1243FAM  0.5574  0.0263  -0.0396 -0.0229  40751 switches
MSM1602VIC  0.6575  0.0348   0.0182  0.0165  22753 switches
MSM1096NED  0.5192  0.0356   0.0243 -0.0082  19745 switches
MSM1095PET  0.1797  0.0334   0.0051 -0.0028   6169 switches
MSM1094FAM  0.3033  0.0353  -0.0290 -0.0064  12148 switches
MSM1067FAM  0.8091  0.0346  -0.0050  0.0004   7676 switches
MSM1603VIC  0.0000  0.0000   0.1428  0.0778   5156 switches
MSM1208NED  0.6271  0.0419   0.0082 -0.0038  11780 switches
MSM1526PET  0.5494  0.0410   0.0240  0.0048  25244 switches
MSM1168FAM  0.5068  0.0381   0.0249  0.0058   4672 switches
MSM1357FAM  0.4062  0.0562  -0.0126 -0.0026   6794 switches
MSM1592NED  0.6139  0.0630  -0.0133 -0.0105  10915 switches
MSM1139PET  0.0000  0.0000   0.0187  0.0433   4257 switches

All (Fisher's method):
 Chi2 :     > 64.9650
 Df   :    28
 Prob :     < 9.11e-05

Pop : 26_NC44-09_NC09_BW
-----------------------------------------
                             Fis estimates
                            ---------------
locus       P-val   S.E.    W&C     R&H     Steps 
----------- ------- ------- ------- ------- ------
MSM1144FAM  0.8123  0.0456   0.0065 -0.0076   3229 switches
MSM1243FAM  0.1170  0.0111  -0.0352 -0.0046  26897 switches
MSM1602VIC  0.8292  0.0214   0.0098  0.0035  13616 switches
MSM1096NED  0.7267  0.0300  -0.0087 -0.0141   6431 switches
MSM1095PET  0.0497  0.0154  -0.0304  0.0434  11558 switches
MSM1094FAM  0.2008  0.0213   0.0656  0.0276  10958 switches
MSM1067FAM  0.2462  0.0208  -0.0542 -0.0039  17667 switches
MSM1603VIC  0.2259  0.0277  -0.0412  0.0966  10126 switches
MSM1208NED  0.4445  0.0188   0.0087  0.0307  19611 switches
MSM1526PET  0.8681  0.0159  -0.0256 -0.0246   9152 switches
MSM1168FAM  0.1482  0.0278   0.0148  0.0473   2757 switches
MSM1357FAM  0.9876  0.0061  -0.0294 -0.0137   4861 switches
MSM1592NED  0.5988  0.0373   0.0218  0.0150   8678 switches
MSM1139PET  0.0000  0.0000  -0.0097  0.1092   3818 switches

All (Fisher's method):
 Chi2 :     > 50.5132
 Df   :    28
 Prob :     < 0.005665

Pop : 30_SC11-09_SC09_LA
-----------------------------------------
                             Fis estimates
                            ---------------
locus       P-val   S.E.    W&C     R&H     Steps 
----------- ------- ------- ------- ------- ------
MSM1144FAM  0.1498  0.0282  -0.0223 -0.0143  10740 switches
MSM1243FAM  0.0724  0.0049   0.0788  0.1152  37237 switches
MSM1602VIC  0.4035  0.0308  -0.0190 -0.0293   8842 switches
MSM1096NED  0.3212  0.0142  -0.0869 -0.0656  34500 switches
MSM1095PET  0.0698  0.0079  -0.0513 -0.0379  26142 switches
MSM1094FAM  0.0359  0.0054   0.1166  0.0925  26845 switches
MSM1067FAM  0.0464  0.0066  -0.0729  0.1787  21343 switches
MSM1603VIC  0.2070  0.0220   0.0949  0.0718   7602 switches
MSM1208NED  0.0030  0.0008   0.0691  0.0711  38099 switches
MSM1526PET  0.5121  0.0314  -0.0247  0.0066  10329 switches
MSM1168FAM  0.5272  0.0083  -0.0021  0.0076  41138 switches
MSM1357FAM  0.1396  0.0179  -0.0261 -0.0296  17730 switches
MSM1592NED  0.0005  0.0004   0.0210  0.0201   9444 switches
MSM1139PET  0.5746  0.0227   0.0091 -0.0259  23183 switches

All (Fisher's method):
 Chi2 :    68.7603
 Df   :    28
 Prob :    2.77e-05
==========================================
 All locus, all populations 
==========================================
All (Fisher's method) :
 Chi2 :     > 235.6235
 Df   :    140
 Prob :     < 8.10e-07

Normal ending
