Genepop 4.8.2, Genotypic linkage disequilibrium

File: ../data/fish/SBmicro_pops.txt (Striped bass Morone saxatilis, microsatellite data)

Number of populations detected : 5
Number of loci detected        : 14

Markov chain parameters
	Dememorisation       : 10000
	Batches              : 100
	Iterations per batch : 5000

Pop             Locus#1  Locus#2    P-Value      S.E.     Switches
----------      -------  -------    --------     -------- --------
6_HB54-09_HR09  MSM1144F MSM1243F   0.578952     0.038336     5524
6_HB54-09_HR09  MSM1144F MSM1602V   0.456342     0.041732     1449
6_HB54-09_HR09  MSM1243F MSM1602V   0.091494     0.018045     6418
6_HB54-09_HR09  MSM1144F MSM1096N   0.999570     0.000430     3472
6_HB54-09_HR09  MSM1243F MSM1096N   0.202120     0.026662    10947
6_HB54-09_HR09  MSM1602V MSM1096N   0.671184     0.038013     3974
6_HB54-09_HR09  MSM1144F MSM1095P   0.174920     0.031277     2409
6_HB54-09_HR09  MSM1243F MSM1095P   0.659274     0.031415     9079
6_HB54-09_HR09  MSM1602V MSM1095P   0.385222     0.041608     2456
6_HB54-09_HR09  MSM1096N MSM1095P   0.582838     0.037823     5679
6_HB54-09_HR09  MSM1144F MSM1094F   0.405258     0.041766     2523
6_HB54-09_HR09  MSM1243F MSM1094F   0.063392     0.015121     8717
6_HB54-09_HR09  MSM1602V MSM1094F   0.864252     0.029349     2739
6_HB54-09_HR09  MSM1096N MSM1094F   0.383708     0.039224     5594
6_HB54-09_HR09  MSM1095P MSM1094F   0.224254     0.033518     4298
6_HB54-09_HR09  MSM1144F MSM1067F   0.972486     0.008138     8291
6_HB54-09_HR09  MSM1243F MSM1067F   0.214982     0.020973    21630
6_HB54-09_HR09  MSM1602V MSM1067F   0.180268     0.027988     9531
6_HB54-09_HR09  MSM1096N MSM1067F   0.085500     0.012750    15578
6_HB54-09_HR09  MSM1095P MSM1067F   0.408076     0.032718    13102
6_HB54-09_HR09  MSM1094F MSM1067F   0.616676     0.032810    12902
6_HB54-09_HR09  MSM1144F MSM1603V   0.018966     0.009139     2935
6_HB54-09_HR09  MSM1243F MSM1603V   0.156034     0.023239    10211
6_HB54-09_HR09  MSM1602V MSM1603V   0.734806     0.039960     3023
6_HB54-09_HR09  MSM1096N MSM1603V   0.943078     0.017585     6607
6_HB54-09_HR09  MSM1095P MSM1603V   0.364336     0.039450     5032
6_HB54-09_HR09  MSM1094F MSM1603V   0.027030     0.013037     5135
6_HB54-09_HR09  MSM1067F MSM1603V   0.884332     0.020191    14983
6_HB54-09_HR09  MSM1144F MSM1208N   0.439004     0.037430     8401
6_HB54-09_HR09  MSM1243F MSM1208N   0.345830     0.022984    21116
6_HB54-09_HR09  MSM1602V MSM1208N   0.590762     0.034891     9329
6_HB54-09_HR09  MSM1096N MSM1208N   0.726354     0.026761    15187
6_HB54-09_HR09  MSM1095P MSM1208N   0.293140     0.026811    13002
6_HB54-09_HR09  MSM1094F MSM1208N   0.632170     0.031280    12693
6_HB54-09_HR09  MSM1067F MSM1208N   0.996898     0.001038    28601
6_HB54-09_HR09  MSM1603V MSM1208N   0.172800     0.020974    14763
6_HB54-09_HR09  MSM1144F MSM1526P   0.946326     0.017091     3257
6_HB54-09_HR09  MSM1243F MSM1526P   0.585394     0.033541    11081
6_HB54-09_HR09  MSM1602V MSM1526P   0.113834     0.025299     3649
6_HB54-09_HR09  MSM1096N MSM1526P   0.197964     0.029093     7169
6_HB54-09_HR09  MSM1095P MSM1526P   0.627374     0.039622     5577
6_HB54-09_HR09  MSM1094F MSM1526P   0.006928     0.004415     5401
6_HB54-09_HR09  MSM1067F MSM1526P   0.510902     0.030012    15846
6_HB54-09_HR09  MSM1603V MSM1526P   0.474012     0.035513     6658
6_HB54-09_HR09  MSM1208N MSM1526P   0.143836     0.017373    15310
6_HB54-09_HR09  MSM1144F MSM1168F   0.629536     0.039648     4455
6_HB54-09_HR09  MSM1243F MSM1168F   0.812200     0.023690    13186
6_HB54-09_HR09  MSM1602V MSM1168F   0.875940     0.026777     4898
6_HB54-09_HR09  MSM1096N MSM1168F   0.066410     0.017376     8838
6_HB54-09_HR09  MSM1095P MSM1168F   0.889658     0.017962     7132
6_HB54-09_HR09  MSM1094F MSM1168F   0.516616     0.037401     8002
6_HB54-09_HR09  MSM1067F MSM1168F   0.727120     0.022279    18996
6_HB54-09_HR09  MSM1603V MSM1168F   0.802872     0.027197     8718
6_HB54-09_HR09  MSM1208N MSM1168F   0.717950     0.023172    20156
6_HB54-09_HR09  MSM1526P MSM1168F   0.849154     0.021424     9084
6_HB54-09_HR09  MSM1144F MSM1357F   0.723452     0.039081     1129
6_HB54-09_HR09  MSM1243F MSM1357F   0.911366     0.024017     5144
6_HB54-09_HR09  MSM1602V MSM1357F   0.143402     0.031647     1119
6_HB54-09_HR09  MSM1096N MSM1357F   0.685270     0.040400     3162
6_HB54-09_HR09  MSM1095P MSM1357F   0.997960     0.001233     1851
6_HB54-09_HR09  MSM1094F MSM1357F   0.353172     0.043459     2396
6_HB54-09_HR09  MSM1067F MSM1357F   0.407956     0.037596     7783
6_HB54-09_HR09  MSM1603V MSM1357F   0.005520     0.003532     2540
6_HB54-09_HR09  MSM1208N MSM1357F   0.389552     0.034885     8854
6_HB54-09_HR09  MSM1526P MSM1357F   0.559188     0.041424     3370
6_HB54-09_HR09  MSM1168F MSM1357F   0.228928     0.033789     3943
6_HB54-09_HR09  MSM1144F MSM1592N   0.563166     0.047622      690
6_HB54-09_HR09  MSM1243F MSM1592N   0.317974     0.038827     3553
6_HB54-09_HR09  MSM1602V MSM1592N   0.337820     0.045385      582
6_HB54-09_HR09  MSM1096N MSM1592N   0.546444     0.043265     2029
6_HB54-09_HR09  MSM1095P MSM1592N   0.060244     0.020982     1203
6_HB54-09_HR09  MSM1094F MSM1592N   0.416768     0.044324     1478
6_HB54-09_HR09  MSM1067F MSM1592N   0.649446     0.037014     5237
6_HB54-09_HR09  MSM1603V MSM1592N   0.554758     0.045773     1450
6_HB54-09_HR09  MSM1208N MSM1592N   0.840814     0.028055     6159
6_HB54-09_HR09  MSM1526P MSM1592N   0.032024     0.012972     1912
6_HB54-09_HR09  MSM1168F MSM1592N   0.357700     0.040720     2560
6_HB54-09_HR09  MSM1357F MSM1592N   0.165118     0.035239      453
6_HB54-09_HR09  MSM1144F MSM1139P   0.819466     0.031466     1607
6_HB54-09_HR09  MSM1243F MSM1139P   0.424210     0.033609     6846
6_HB54-09_HR09  MSM1602V MSM1139P   0.651410     0.043329     1557
6_HB54-09_HR09  MSM1096N MSM1139P   0.279042     0.039107     3623
6_HB54-09_HR09  MSM1095P MSM1139P   0.547974     0.043836     2474
6_HB54-09_HR09  MSM1094F MSM1139P   0.887584     0.025864     3044
6_HB54-09_HR09  MSM1067F MSM1139P   0.974462     0.009809     9154
6_HB54-09_HR09  MSM1603V MSM1139P   0.697698     0.037896     3146
6_HB54-09_HR09  MSM1208N MSM1139P   0.273388     0.031483    10199
6_HB54-09_HR09  MSM1526P MSM1139P   0.220490     0.034803     3833
6_HB54-09_HR09  MSM1168F MSM1139P   0.174232     0.031879     4739
6_HB54-09_HR09  MSM1357F MSM1139P   0.715124     0.042094     1168
6_HB54-09_HR09  MSM1592N MSM1139P   0.127350     0.031367      694
8_DE54-09_DB09  MSM1144F MSM1243F   0.417252     0.029807    10709
8_DE54-09_DB09  MSM1144F MSM1602V   0.607300     0.046027      958
8_DE54-09_DB09  MSM1243F MSM1602V   0.371274     0.030575     9490
8_DE54-09_DB09  MSM1144F MSM1096N   0.193364     0.027400     4048
8_DE54-09_DB09  MSM1243F MSM1096N   0.150876     0.015520    17699
8_DE54-09_DB09  MSM1602V MSM1096N   0.262914     0.034036     3367
8_DE54-09_DB09  MSM1144F MSM1095P   0.691646     0.034313     4035
8_DE54-09_DB09  MSM1243F MSM1095P   0.881040     0.012652    20590
8_DE54-09_DB09  MSM1602V MSM1095P   0.512398     0.040858     3280
8_DE54-09_DB09  MSM1096N MSM1095P   0.482590     0.031285     8414
8_DE54-09_DB09  MSM1144F MSM1094F   0.455746     0.033277     7351
8_DE54-09_DB09  MSM1243F MSM1094F   0.208090     0.013659    31953
8_DE54-09_DB09  MSM1602V MSM1094F   0.117854     0.022100     6340
8_DE54-09_DB09  MSM1096N MSM1094F   0.204318     0.019921    13647
8_DE54-09_DB09  MSM1095P MSM1094F   0.068948     0.010503    15813
8_DE54-09_DB09  MSM1144F MSM1067F   0.752852     0.028074     7320
8_DE54-09_DB09  MSM1243F MSM1067F   0.249168     0.017401    29577
8_DE54-09_DB09  MSM1602V MSM1067F   0.175430     0.024138     6400
8_DE54-09_DB09  MSM1096N MSM1067F   0.027354     0.006330    12824
8_DE54-09_DB09  MSM1095P MSM1067F   0.264366     0.024439    14571
8_DE54-09_DB09  MSM1094F MSM1067F   0.287924     0.018883    22826
8_DE54-09_DB09  MSM1144F MSM1603V   0.465302     0.035611     3600
8_DE54-09_DB09  MSM1243F MSM1603V   0.752762     0.019803    20122
8_DE54-09_DB09  MSM1602V MSM1603V   0.713786     0.035098     2869
8_DE54-09_DB09  MSM1096N MSM1603V   0.508742     0.034181     7813
8_DE54-09_DB09  MSM1095P MSM1603V   0.699578     0.027535     8861
8_DE54-09_DB09  MSM1094F MSM1603V   0.070162     0.012254    15034
8_DE54-09_DB09  MSM1067F MSM1603V   0.088944     0.014056    14019
8_DE54-09_DB09  MSM1144F MSM1208N   0.926468     0.012402     9978
8_DE54-09_DB09  MSM1243F MSM1208N   0.829106     0.011462    38640
8_DE54-09_DB09  MSM1602V MSM1208N   0.944540     0.012966     8629
8_DE54-09_DB09  MSM1096N MSM1208N   0.320548     0.021747    17124
8_DE54-09_DB09  MSM1095P MSM1208N   0.677082     0.020651    19479
8_DE54-09_DB09  MSM1094F MSM1208N   0.819840     0.012994    30819
8_DE54-09_DB09  MSM1067F MSM1208N   0.005252     0.001775    28245
8_DE54-09_DB09  MSM1603V MSM1208N   0.203194     0.019198    18620
8_DE54-09_DB09  MSM1144F MSM1526P   0.324218     0.037767     2496
8_DE54-09_DB09  MSM1243F MSM1526P   0.645480     0.022336    15552
8_DE54-09_DB09  MSM1602V MSM1526P   0.048262     0.018848     1912
8_DE54-09_DB09  MSM1096N MSM1526P   0.559690     0.035980     5978
8_DE54-09_DB09  MSM1095P MSM1526P   0.999110     0.000401     6524
8_DE54-09_DB09  MSM1094F MSM1526P   0.066770     0.012487    11406
8_DE54-09_DB09  MSM1067F MSM1526P   0.398286     0.030277    10763
8_DE54-09_DB09  MSM1603V MSM1526P   0.697466     0.032612     5933
8_DE54-09_DB09  MSM1208N MSM1526P   0.904630     0.011859    14803
8_DE54-09_DB09  MSM1144F MSM1168F   0.807848     0.029500     4121
8_DE54-09_DB09  MSM1243F MSM1168F   0.198990     0.018135    20405
8_DE54-09_DB09  MSM1602V MSM1168F   0.649234     0.037717     3403
8_DE54-09_DB09  MSM1096N MSM1168F   0.442428     0.031955     8438
8_DE54-09_DB09  MSM1095P MSM1168F   0.818084     0.019858     9331
8_DE54-09_DB09  MSM1094F MSM1168F   0.619940     0.026903    15545
8_DE54-09_DB09  MSM1067F MSM1168F   0.885340     0.013182    14558
8_DE54-09_DB09  MSM1603V MSM1168F   0.803860     0.024349     8746
8_DE54-09_DB09  MSM1208N MSM1168F   0.023990     0.004801    19449
8_DE54-09_DB09  MSM1526P MSM1168F   0.655300     0.031779     6472
8_DE54-09_DB09  MSM1144F MSM1357F   0.008800     0.008800     1119
8_DE54-09_DB09  MSM1243F MSM1357F   0.093182     0.016065    10145
8_DE54-09_DB09  MSM1602V MSM1357F   0.285306     0.043050      738
8_DE54-09_DB09  MSM1096N MSM1357F   0.722742     0.033263     3658
8_DE54-09_DB09  MSM1095P MSM1357F   0.218684     0.032451     3619
8_DE54-09_DB09  MSM1094F MSM1357F   0.722758     0.030522     6815
8_DE54-09_DB09  MSM1067F MSM1357F   0.454748     0.034964     6725
8_DE54-09_DB09  MSM1603V MSM1357F   0.505860     0.041845     3164
8_DE54-09_DB09  MSM1208N MSM1357F   0.601152     0.029554     9083
8_DE54-09_DB09  MSM1526P MSM1357F   0.092656     0.023024     2055
8_DE54-09_DB09  MSM1168F MSM1357F   0.839236     0.027722     3645
8_DE54-09_DB09  MSM1144F MSM1592N   0.746342     0.042057      743
8_DE54-09_DB09  MSM1243F MSM1592N   0.304548     0.030189     7573
8_DE54-09_DB09  MSM1602V MSM1592N   0.376880     0.046568      533
8_DE54-09_DB09  MSM1096N MSM1592N   0.487616     0.040912     2758
8_DE54-09_DB09  MSM1095P MSM1592N   0.503376     0.038606     2651
8_DE54-09_DB09  MSM1094F MSM1592N   0.395184     0.036943     5129
8_DE54-09_DB09  MSM1067F MSM1592N   0.206924     0.031372     5349
8_DE54-09_DB09  MSM1603V MSM1592N   0.230908     0.035521     2294
8_DE54-09_DB09  MSM1208N MSM1592N   0.693378     0.031865     6950
8_DE54-09_DB09  MSM1526P MSM1592N   0.000000     0.000000     1437
8_DE54-09_DB09  MSM1168F MSM1592N   0.570432     0.038868     2801
8_DE54-09_DB09  MSM1357F MSM1592N   0.021568     0.013010      519
8_DE54-09_DB09  MSM1144F MSM1139P   0.849148     0.032656     1218
8_DE54-09_DB09  MSM1243F MSM1139P   0.437680     0.032350     9473
8_DE54-09_DB09  MSM1602V MSM1139P   0.931352     0.021555      851
8_DE54-09_DB09  MSM1096N MSM1139P   0.286976     0.036881     3610
8_DE54-09_DB09  MSM1095P MSM1139P   0.731466     0.032902     3564
8_DE54-09_DB09  MSM1094F MSM1139P   0.551698     0.034202     6738
8_DE54-09_DB09  MSM1067F MSM1139P   0.887106     0.020137     6541
8_DE54-09_DB09  MSM1603V MSM1139P   0.671472     0.038983     3203
8_DE54-09_DB09  MSM1208N MSM1139P   0.263160     0.030719     8672
8_DE54-09_DB09  MSM1526P MSM1139P   0.772680     0.036315     2141
8_DE54-09_DB09  MSM1168F MSM1139P   0.642768     0.037823     3743
8_DE54-09_DB09  MSM1357F MSM1139P   0.110180     0.026348      958
8_DE54-09_DB09  MSM1592N MSM1139P   0.792488     0.038512      696
23_JA46-09_JR0  MSM1144F MSM1243F   0.915398     0.022548     8390
23_JA46-09_JR0  MSM1144F MSM1602V   0.364988     0.046657     1070
23_JA46-09_JR0  MSM1243F MSM1602V   0.230936     0.032890    11724
23_JA46-09_JR0  MSM1144F MSM1096N   0.958272     0.016959     3590
23_JA46-09_JR0  MSM1243F MSM1096N   0.428890     0.032412    20563
23_JA46-09_JR0  MSM1602V MSM1096N   0.224202     0.034766     5071
23_JA46-09_JR0  MSM1144F MSM1095P   0.646504     0.046300     2556
23_JA46-09_JR0  MSM1243F MSM1095P   0.834606     0.024844    14202
23_JA46-09_JR0  MSM1602V MSM1095P   0.573212     0.044004     3605
23_JA46-09_JR0  MSM1096N MSM1095P   0.221832     0.033422     7433
23_JA46-09_JR0  MSM1144F MSM1094F   0.720844     0.042719     4111
23_JA46-09_JR0  MSM1243F MSM1094F   0.591944     0.033064    22325
23_JA46-09_JR0  MSM1602V MSM1094F   0.573600     0.043185     5836
23_JA46-09_JR0  MSM1096N MSM1094F   0.411976     0.038039    11954
23_JA46-09_JR0  MSM1095P MSM1094F   0.103616     0.022445     8179
23_JA46-09_JR0  MSM1144F MSM1067F   0.023374     0.009409     4713
23_JA46-09_JR0  MSM1243F MSM1067F   0.903840     0.015805    21902
23_JA46-09_JR0  MSM1602V MSM1067F   0.345450     0.040628     6569
23_JA46-09_JR0  MSM1096N MSM1067F   0.648668     0.038400    11876
23_JA46-09_JR0  MSM1095P MSM1067F   0.440224     0.040890     8400
23_JA46-09_JR0  MSM1094F MSM1067F   0.138192     0.024168    13377
23_JA46-09_JR0  MSM1144F MSM1603V   0.104370     0.026659     2651
23_JA46-09_JR0  MSM1243F MSM1603V   0.766174     0.027791    16022
23_JA46-09_JR0  MSM1602V MSM1603V   0.842704     0.030629     3811
23_JA46-09_JR0  MSM1096N MSM1603V   0.416516     0.039589     8276
23_JA46-09_JR0  MSM1095P MSM1603V   0.413624     0.041961     5684
23_JA46-09_JR0  MSM1094F MSM1603V   0.267968     0.033656     9112
23_JA46-09_JR0  MSM1067F MSM1603V   0.279442     0.034182     9481
23_JA46-09_JR0  MSM1144F MSM1208N   0.196354     0.029740     8286
23_JA46-09_JR0  MSM1243F MSM1208N   0.734560     0.025318    33871
23_JA46-09_JR0  MSM1602V MSM1208N   0.527272     0.037654    11655
23_JA46-09_JR0  MSM1096N MSM1208N   0.847336     0.021181    19395
23_JA46-09_JR0  MSM1095P MSM1208N   0.095350     0.018567    13886
23_JA46-09_JR0  MSM1094F MSM1208N   0.751362     0.028280    21708
23_JA46-09_JR0  MSM1067F MSM1208N   0.130086     0.020321    20823
23_JA46-09_JR0  MSM1603V MSM1208N   0.033230     0.010362    15377
23_JA46-09_JR0  MSM1144F MSM1526P   0.223002     0.038531     2988
23_JA46-09_JR0  MSM1243F MSM1526P   0.992826     0.003373    20894
23_JA46-09_JR0  MSM1602V MSM1526P   0.193562     0.033831     4242
23_JA46-09_JR0  MSM1096N MSM1526P   0.590824     0.036741    10450
23_JA46-09_JR0  MSM1095P MSM1526P   0.636618     0.037905     7220
23_JA46-09_JR0  MSM1094F MSM1526P   0.551746     0.039668    11757
23_JA46-09_JR0  MSM1067F MSM1526P   0.304484     0.031194    11779
23_JA46-09_JR0  MSM1603V MSM1526P   0.089846     0.022381     8150
23_JA46-09_JR0  MSM1208N MSM1526P   0.313724     0.032039    20503
23_JA46-09_JR0  MSM1144F MSM1168F   0.081284     0.026056     1976
23_JA46-09_JR0  MSM1243F MSM1168F   0.142046     0.023113    12402
23_JA46-09_JR0  MSM1602V MSM1168F   0.556416     0.044324     2616
23_JA46-09_JR0  MSM1096N MSM1168F   0.936828     0.018971     6021
23_JA46-09_JR0  MSM1095P MSM1168F   0.106780     0.025978     4201
23_JA46-09_JR0  MSM1094F MSM1168F   0.156062     0.026580     6521
23_JA46-09_JR0  MSM1067F MSM1168F   0.076114     0.017978     7001
23_JA46-09_JR0  MSM1603V MSM1168F   0.545170     0.042098     4678
23_JA46-09_JR0  MSM1208N MSM1168F   0.567832     0.037181    11812
23_JA46-09_JR0  MSM1526P MSM1168F   0.914548     0.019741     5634
23_JA46-09_JR0  MSM1144F MSM1357F   0.563420     0.049298      839
23_JA46-09_JR0  MSM1243F MSM1357F   0.238460     0.033931     9970
23_JA46-09_JR0  MSM1602V MSM1357F   0.380738     0.042768     1164
23_JA46-09_JR0  MSM1096N MSM1357F   0.542602     0.045638     4246
23_JA46-09_JR0  MSM1095P MSM1357F   0.110538     0.026219     2914
23_JA46-09_JR0  MSM1094F MSM1357F   0.714308     0.042396     4912
23_JA46-09_JR0  MSM1067F MSM1357F   0.962266     0.015072     5588
23_JA46-09_JR0  MSM1603V MSM1357F   0.299654     0.043946     3251
23_JA46-09_JR0  MSM1208N MSM1357F   0.913816     0.020498     9939
23_JA46-09_JR0  MSM1526P MSM1357F   0.209188     0.035372     3572
23_JA46-09_JR0  MSM1168F MSM1357F   0.642228     0.044783     2174
23_JA46-09_JR0  MSM1144F MSM1592N   0.969424     0.013917      527
23_JA46-09_JR0  MSM1243F MSM1592N   0.114616     0.023793     7293
23_JA46-09_JR0  MSM1602V MSM1592N   0.054732     0.018265      693
23_JA46-09_JR0  MSM1096N MSM1592N   0.058736     0.022935     2978
23_JA46-09_JR0  MSM1095P MSM1592N   0.997888     0.002112     2033
23_JA46-09_JR0  MSM1094F MSM1592N   0.777020     0.036342     3340
23_JA46-09_JR0  MSM1067F MSM1592N   0.603044     0.042010     4192
23_JA46-09_JR0  MSM1603V MSM1592N   0.855546     0.032390     2196
23_JA46-09_JR0  MSM1208N MSM1592N   0.466910     0.043616     7605
23_JA46-09_JR0  MSM1526P MSM1592N   0.527870     0.046333     2318
23_JA46-09_JR0  MSM1168F MSM1592N   0.000000     0.000000     1588
23_JA46-09_JR0  MSM1357F MSM1592N   0.908924     0.027081      548
23_JA46-09_JR0  MSM1144F MSM1139P   0.779954     0.040280      959
23_JA46-09_JR0  MSM1243F MSM1139P   0.539502     0.039504     9285
23_JA46-09_JR0  MSM1602V MSM1139P   0.000000     0.000000     1367
23_JA46-09_JR0  MSM1096N MSM1139P   0.422294     0.042368     4281
23_JA46-09_JR0  MSM1095P MSM1139P   0.438934     0.042366     2931
23_JA46-09_JR0  MSM1094F MSM1139P   0.116668     0.028025     4771
23_JA46-09_JR0  MSM1067F MSM1139P   1.000000     0.000000     5380
23_JA46-09_JR0  MSM1603V MSM1139P   0.911126     0.025321     3159
23_JA46-09_JR0  MSM1208N MSM1139P   0.073938     0.017068     9328
23_JA46-09_JR0  MSM1526P MSM1139P   0.854818     0.032278     3791
23_JA46-09_JR0  MSM1168F MSM1139P   0.662270     0.044527     2340
23_JA46-09_JR0  MSM1357F MSM1139P   0.542874     0.046197     1129
23_JA46-09_JR0  MSM1592N MSM1139P   0.348566     0.044887      742
26_NC44-09_NC0  MSM1144F MSM1243F   0.440848     0.032801    10140
26_NC44-09_NC0  MSM1144F MSM1602V   0.077664     0.022734     1144
26_NC44-09_NC0  MSM1243F MSM1602V   0.443386     0.030068    13801
26_NC44-09_NC0  MSM1144F MSM1096N   0.297040     0.035352     5052
26_NC44-09_NC0  MSM1243F MSM1096N   0.732584     0.016745    27500
26_NC44-09_NC0  MSM1602V MSM1096N   0.669940     0.033628     6637
26_NC44-09_NC0  MSM1144F MSM1095P   0.437928     0.042862     2915
26_NC44-09_NC0  MSM1243F MSM1095P   0.568744     0.024662    22957
26_NC44-09_NC0  MSM1602V MSM1095P   0.188330     0.030496     3805
26_NC44-09_NC0  MSM1096N MSM1095P   0.185618     0.025144    11957
26_NC44-09_NC0  MSM1144F MSM1094F   0.329718     0.037253     3984
26_NC44-09_NC0  MSM1243F MSM1094F   0.015562     0.003731    30016
26_NC44-09_NC0  MSM1602V MSM1094F   0.419776     0.039480     5479
26_NC44-09_NC0  MSM1096N MSM1094F   0.764898     0.020644    15815
26_NC44-09_NC0  MSM1095P MSM1094F   0.148054     0.019483    11358
26_NC44-09_NC0  MSM1144F MSM1067F   0.396208     0.036658     7275
26_NC44-09_NC0  MSM1243F MSM1067F   0.339522     0.015229    37544
26_NC44-09_NC0  MSM1602V MSM1067F   0.153724     0.022655     9828
26_NC44-09_NC0  MSM1096N MSM1067F   0.560440     0.024571    21261
26_NC44-09_NC0  MSM1095P MSM1067F   0.957468     0.008286    17017
26_NC44-09_NC0  MSM1094F MSM1067F   0.399950     0.024791    22659
26_NC44-09_NC0  MSM1144F MSM1603V   0.780848     0.032999     2074
26_NC44-09_NC0  MSM1243F MSM1603V   0.081294     0.014067    16397
26_NC44-09_NC0  MSM1602V MSM1603V   0.712336     0.036837     2730
26_NC44-09_NC0  MSM1096N MSM1603V   0.587174     0.033233     8594
26_NC44-09_NC0  MSM1095P MSM1603V   0.511758     0.038404     5750
26_NC44-09_NC0  MSM1094F MSM1603V   0.348756     0.035606     8037
26_NC44-09_NC0  MSM1067F MSM1603V   0.487424     0.030264    12323
26_NC44-09_NC0  MSM1144F MSM1208N   0.530230     0.037434     5181
26_NC44-09_NC0  MSM1243F MSM1208N   0.528676     0.019498    31648
26_NC44-09_NC0  MSM1602V MSM1208N   0.442278     0.036718     7178
26_NC44-09_NC0  MSM1096N MSM1208N   0.156728     0.017183    17117
26_NC44-09_NC0  MSM1095P MSM1208N   0.464190     0.032348    13091
26_NC44-09_NC0  MSM1094F MSM1208N   0.027204     0.008019    17710
26_NC44-09_NC0  MSM1067F MSM1208N   0.352020     0.022032    24508
26_NC44-09_NC0  MSM1603V MSM1208N   0.463648     0.033123     9616
26_NC44-09_NC0  MSM1144F MSM1526P   0.440244     0.043030     2832
26_NC44-09_NC0  MSM1243F MSM1526P   0.583514     0.024276    23558
26_NC44-09_NC0  MSM1602V MSM1526P   0.957672     0.013065     3798
26_NC44-09_NC0  MSM1096N MSM1526P   0.624340     0.029663    12161
26_NC44-09_NC0  MSM1095P MSM1526P   0.184452     0.025598     8270
26_NC44-09_NC0  MSM1094F MSM1526P   0.338134     0.032041    11660
26_NC44-09_NC0  MSM1067F MSM1526P   0.793366     0.018805    17496
26_NC44-09_NC0  MSM1603V MSM1526P   0.890936     0.024326     5922
26_NC44-09_NC0  MSM1208N MSM1526P   0.226838     0.024397    13547
26_NC44-09_NC0  MSM1144F MSM1168F   0.100194     0.021311     3053
26_NC44-09_NC0  MSM1243F MSM1168F   0.094282     0.012124    16270
26_NC44-09_NC0  MSM1602V MSM1168F   0.369018     0.038259     4258
26_NC44-09_NC0  MSM1096N MSM1168F   0.739494     0.025937     8928
26_NC44-09_NC0  MSM1095P MSM1168F   0.192744     0.025541     6755
26_NC44-09_NC0  MSM1094F MSM1168F   0.092994     0.014031     9023
26_NC44-09_NC0  MSM1067F MSM1168F   0.811492     0.018607    12737
26_NC44-09_NC0  MSM1603V MSM1168F   0.713174     0.033185     5016
26_NC44-09_NC0  MSM1208N MSM1168F   0.820664     0.020224    10217
26_NC44-09_NC0  MSM1526P MSM1168F   0.708012     0.029222     7038
26_NC44-09_NC0  MSM1144F MSM1357F   0.260554     0.042327      759
26_NC44-09_NC0  MSM1243F MSM1357F   0.370430     0.030554    10565
26_NC44-09_NC0  MSM1602V MSM1357F   0.591966     0.048516      920
26_NC44-09_NC0  MSM1096N MSM1357F   0.920612     0.019608     5100
26_NC44-09_NC0  MSM1095P MSM1357F   0.312840     0.040600     2628
26_NC44-09_NC0  MSM1094F MSM1357F   0.542092     0.042626     3922
26_NC44-09_NC0  MSM1067F MSM1357F   0.333386     0.033004     7634
26_NC44-09_NC0  MSM1603V MSM1357F   0.056194     0.018024     1936
26_NC44-09_NC0  MSM1208N MSM1357F   0.811776     0.031849     5081
26_NC44-09_NC0  MSM1526P MSM1357F   0.592650     0.039416     2669
26_NC44-09_NC0  MSM1168F MSM1357F   0.375742     0.038893     3200
26_NC44-09_NC0  MSM1144F MSM1592N   0.811572     0.037086      539
26_NC44-09_NC0  MSM1243F MSM1592N   0.830852     0.026065     8470
26_NC44-09_NC0  MSM1602V MSM1592N   1.000000     0.000000      645
26_NC44-09_NC0  MSM1096N MSM1592N   0.631440     0.037325     4200
26_NC44-09_NC0  MSM1095P MSM1592N   0.176218     0.034484     2053
26_NC44-09_NC0  MSM1094F MSM1592N   0.198622     0.035826     2924
26_NC44-09_NC0  MSM1067F MSM1592N   0.066004     0.017895     6160
26_NC44-09_NC0  MSM1603V MSM1592N   0.558248     0.043459     1427
26_NC44-09_NC0  MSM1208N MSM1592N   0.935248     0.017512     4104
26_NC44-09_NC0  MSM1526P MSM1592N   0.345998     0.039351     1986
26_NC44-09_NC0  MSM1168F MSM1592N   0.624764     0.043867     2689
26_NC44-09_NC0  MSM1357F MSM1592N   0.804024     0.039589      445
26_NC44-09_NC0  MSM1144F MSM1139P   0.808364     0.036130     1289
26_NC44-09_NC0  MSM1243F MSM1139P   0.003812     0.002190    11883
26_NC44-09_NC0  MSM1602V MSM1139P   0.602834     0.042869     1666
26_NC44-09_NC0  MSM1096N MSM1139P   0.623294     0.035983     6174
26_NC44-09_NC0  MSM1095P MSM1139P   0.640760     0.039155     3713
26_NC44-09_NC0  MSM1094F MSM1139P   0.575750     0.039230     5330
26_NC44-09_NC0  MSM1067F MSM1139P   0.579638     0.034516     8741
26_NC44-09_NC0  MSM1603V MSM1139P   0.490620     0.039194     2746
26_NC44-09_NC0  MSM1208N MSM1139P   0.342282     0.034859     6386
26_NC44-09_NC0  MSM1526P MSM1139P   0.882048     0.023925     3780
26_NC44-09_NC0  MSM1168F MSM1139P   0.349314     0.036545     3767
26_NC44-09_NC0  MSM1357F MSM1139P   0.572714     0.045174     1194
26_NC44-09_NC0  MSM1592N MSM1139P   0.365678     0.044932      864
30_SC11-09_SC0  MSM1144F MSM1243F   0.003322     0.001285    18714
30_SC11-09_SC0  MSM1144F MSM1602V   0.366122     0.033647     6130
30_SC11-09_SC0  MSM1243F MSM1602V   0.234600     0.018680    23992
30_SC11-09_SC0  MSM1144F MSM1096N   0.011340     0.005309     8042
30_SC11-09_SC0  MSM1243F MSM1096N   0.052646     0.008355    28046
30_SC11-09_SC0  MSM1602V MSM1096N   0.011424     0.004585     9762
30_SC11-09_SC0  MSM1144F MSM1095P   0.071310     0.014303    10807
30_SC11-09_SC0  MSM1243F MSM1095P   0.115416     0.010909    35213
30_SC11-09_SC0  MSM1602V MSM1095P   0.573716     0.028987    13215
30_SC11-09_SC0  MSM1096N MSM1095P   0.369814     0.026232    15843
30_SC11-09_SC0  MSM1144F MSM1094F   0.305244     0.031911     6101
30_SC11-09_SC0  MSM1243F MSM1094F   0.025822     0.006754    23753
30_SC11-09_SC0  MSM1602V MSM1094F   0.000000     0.000000     7982
30_SC11-09_SC0  MSM1096N MSM1094F   0.040788     0.013154     9372
30_SC11-09_SC0  MSM1095P MSM1094F   0.570912     0.028569    12959
30_SC11-09_SC0  MSM1144F MSM1067F   0.581180     0.022351    18428
30_SC11-09_SC0  MSM1243F MSM1067F   0.504748     0.012963    46753
30_SC11-09_SC0  MSM1602V MSM1067F   0.067610     0.010401    22870
30_SC11-09_SC0  MSM1096N MSM1067F   0.554558     0.019174    26595
30_SC11-09_SC0  MSM1095P MSM1067F   0.652936     0.012231    40781
30_SC11-09_SC0  MSM1094F MSM1067F   0.139414     0.013263    23065
30_SC11-09_SC0  MSM1144F MSM1603V   0.000388     0.000289    11430
30_SC11-09_SC0  MSM1243F MSM1603V   0.432758     0.015332    33090
30_SC11-09_SC0  MSM1602V MSM1603V   0.143306     0.016887    14236
30_SC11-09_SC0  MSM1096N MSM1603V   0.020372     0.005210    16886
30_SC11-09_SC0  MSM1095P MSM1603V   0.840476     0.013299    21296
30_SC11-09_SC0  MSM1094F MSM1603V   0.226556     0.019768    14270
30_SC11-09_SC0  MSM1067F MSM1603V   0.247734     0.011923    29863
30_SC11-09_SC0  MSM1144F MSM1208N   0.249452     0.027147    11657
30_SC11-09_SC0  MSM1243F MSM1208N   0.114292     0.009051    38779
30_SC11-09_SC0  MSM1602V MSM1208N   0.054990     0.011805    14759
30_SC11-09_SC0  MSM1096N MSM1208N   0.034526     0.008082    17506
30_SC11-09_SC0  MSM1095P MSM1208N   0.190610     0.016849    22704
30_SC11-09_SC0  MSM1094F MSM1208N   0.102678     0.015160    14445
30_SC11-09_SC0  MSM1067F MSM1208N   0.059812     0.006753    34702
30_SC11-09_SC0  MSM1603V MSM1208N   0.141508     0.012752    23255
30_SC11-09_SC0  MSM1144F MSM1526P   0.030844     0.009579     7146
30_SC11-09_SC0  MSM1243F MSM1526P   0.240652     0.019019    24668
30_SC11-09_SC0  MSM1602V MSM1526P   0.048416     0.010119     9352
30_SC11-09_SC0  MSM1096N MSM1526P   0.135586     0.019597    11324
30_SC11-09_SC0  MSM1095P MSM1526P   0.266686     0.024835    14367
30_SC11-09_SC0  MSM1094F MSM1526P   0.401752     0.031385     9308
30_SC11-09_SC0  MSM1067F MSM1526P   0.010464     0.003547    23485
30_SC11-09_SC0  MSM1603V MSM1526P   0.126466     0.014902    14731
30_SC11-09_SC0  MSM1208N MSM1526P   0.454542     0.024812    15914
30_SC11-09_SC0  MSM1144F MSM1168F   0.007442     0.002462    30375
30_SC11-09_SC0  MSM1243F MSM1168F   0.693012     0.010458    76432
30_SC11-09_SC0  MSM1602V MSM1168F   0.305680     0.016012    36469
30_SC11-09_SC0  MSM1096N MSM1168F   0.018480     0.002863    42917
30_SC11-09_SC0  MSM1095P MSM1168F   0.114734     0.007840    52185
30_SC11-09_SC0  MSM1094F MSM1168F   0.361244     0.018105    36459
30_SC11-09_SC0  MSM1067F MSM1168F   0.223958     0.007269    78991
30_SC11-09_SC0  MSM1603V MSM1168F   0.578434     0.009761    48115
30_SC11-09_SC0  MSM1208N MSM1168F   0.009006     0.001796    57287
30_SC11-09_SC0  MSM1526P MSM1168F   0.307832     0.015746    36430
30_SC11-09_SC0  MSM1144F MSM1357F   0.001392     0.001392     3829
30_SC11-09_SC0  MSM1243F MSM1357F   0.289348     0.022614    16507
30_SC11-09_SC0  MSM1602V MSM1357F   0.000650     0.000650     4672
30_SC11-09_SC0  MSM1096N MSM1357F   0.017184     0.006638     5920
30_SC11-09_SC0  MSM1095P MSM1357F   0.000666     0.000599     8080
30_SC11-09_SC0  MSM1094F MSM1357F   0.014294     0.008712     4483
30_SC11-09_SC0  MSM1067F MSM1357F   0.182170     0.017889    22128
30_SC11-09_SC0  MSM1603V MSM1357F   0.070348     0.013557     9996
30_SC11-09_SC0  MSM1208N MSM1357F   0.106222     0.020054     8608
30_SC11-09_SC0  MSM1526P MSM1357F   0.059460     0.014183     5746
30_SC11-09_SC0  MSM1168F MSM1357F   0.000342     0.000342    26398
30_SC11-09_SC0  MSM1144F MSM1592N   0.000000     0.000000     3925
30_SC11-09_SC0  MSM1243F MSM1592N   0.571670     0.025993    16829
30_SC11-09_SC0  MSM1602V MSM1592N   0.000000     0.000000     5253
30_SC11-09_SC0  MSM1096N MSM1592N   0.000000     0.000000     6172
30_SC11-09_SC0  MSM1095P MSM1592N   0.000000     0.000000     9100
30_SC11-09_SC0  MSM1094F MSM1592N   0.197224     0.028386     4889
30_SC11-09_SC0  MSM1067F MSM1592N   0.517798     0.022606    17150
30_SC11-09_SC0  MSM1603V MSM1592N   0.364216     0.028366    10307
30_SC11-09_SC0  MSM1208N MSM1592N   0.052746     0.013599     9507
30_SC11-09_SC0  MSM1526P MSM1592N   0.006018     0.003803     6270
30_SC11-09_SC0  MSM1168F MSM1592N   0.000000     0.000000    27533
30_SC11-09_SC0  MSM1357F MSM1592N   0.000000     0.000000     2806
30_SC11-09_SC0  MSM1144F MSM1139P   0.763120     0.025861     9048
30_SC11-09_SC0  MSM1243F MSM1139P   0.772654     0.014676    31746
30_SC11-09_SC0  MSM1602V MSM1139P   0.132388     0.019205    12152
30_SC11-09_SC0  MSM1096N MSM1139P   0.165544     0.019302    14442
30_SC11-09_SC0  MSM1095P MSM1139P   0.030728     0.007103    18910
30_SC11-09_SC0  MSM1094F MSM1139P   0.232716     0.023794    11769
30_SC11-09_SC0  MSM1067F MSM1139P   0.669424     0.015465    29008
30_SC11-09_SC0  MSM1603V MSM1139P   0.617380     0.021020    18992
30_SC11-09_SC0  MSM1208N MSM1139P   0.088996     0.010015    20816
30_SC11-09_SC0  MSM1526P MSM1139P   0.833194     0.020162    13259
30_SC11-09_SC0  MSM1168F MSM1139P   0.000008     0.000008    47706
30_SC11-09_SC0  MSM1357F MSM1139P   0.002720     0.002720     7579
30_SC11-09_SC0  MSM1592N MSM1139P   0.061936     0.015602     8109

P-value for each locus pair across all populations
(Fisher's method)
-----------------------------------------------------
Locus pair                    Chi2      df   P-Value
--------------------          --------  ---  --------
MSM1144FAM    & MSM1243FAM    16.070481 10   0.097633
MSM1144FAM    & MSM1602VIC    11.702576 10   0.305455
MSM1243FAM    & MSM1602VIC    14.222199 10   0.163096
MSM1144FAM    & MSM1096NED    14.759084 10   0.141095
MSM1243FAM    & MSM1096NED    15.184176 10   0.125490
MSM1602VIC    & MSM1096NED    16.204908 10   0.093915
MSM1144FAM    & MSM1095PET    12.029406 10   0.283093
MSM1243FAM    & MSM1095PET    6.895202  10   0.735300
MSM1602VIC    & MSM1095PET    8.808538  10   0.550365
MSM1096NED    & MSM1095PET    10.906177 10   0.364874
MSM1144FAM    & MSM1094FAM    8.625090  10   0.568014
MSM1243FAM    & MSM1094FAM    25.343994 10   0.004730
MSM1602VIC    & MSM1094FAM    >39.30088310   <2.25e-05
MSM1096NED    & MSM1094FAM    13.800243 10   0.182300
MSM1095PET    & MSM1094FAM    17.814281 10   0.058178
MSM1144FAM    & MSM1067FAM    11.072856 10   0.351870
MSM1243FAM    & MSM1067FAM    9.583689  10   0.477744
MSM1602VIC    & MSM1067FAM    18.166658 10   0.052217
MSM1096NED    & MSM1067FAM    15.319165 10   0.120852
MSM1095PET    & MSM1067FAM    7.033867  10   0.722244
MSM1094FAM    & MSM1067FAM    13.188609 10   0.213317
MSM1144FAM    & MSM1603VIC    30.183738 10   0.000799
MSM1243FAM    & MSM1603VIC    11.510586 10   0.319145
MSM1602VIC    & MSM1603VIC    6.196878  10   0.798460
MSM1096NED    & MSM1603VIC    12.072558 10   0.280230
MSM1095PET    & MSM1603VIC    6.186890  10   0.799325
MSM1094FAM    & MSM1603VIC    20.245580 10   0.027014
MSM1067FAM    & MSM1603VIC    11.863304 10   0.294309
MSM1144FAM    & MSM1208NED    9.100784  10   0.522566
MSM1243FAM    & MSM1208NED    8.728154  10   0.558082
MSM1602VIC    & MSM1208NED    9.879717  10   0.451109
MSM1096NED    & MSM1208NED    13.684770 10   0.187862
MSM1095PET    & MSM1208NED    12.784512 10   0.235971
MSM1094FAM    & MSM1208NED    13.647319 10   0.189695
MSM1067FAM    & MSM1208NED    22.304858 10   0.013625
MSM1603VIC    & MSM1208NED    18.955091 10   0.040837
MSM1144FAM    & MSM1526PET    13.962642 10   0.174702
MSM1243FAM    & MSM1526PET    5.887043  10   0.824662
MSM1602VIC    & MSM1526PET    19.834914 10   0.030853
MSM1096NED    & MSM1526PET    10.390978 10   0.406887
MSM1095PET    & MSM1526PET    7.861475  10   0.642366
MSM1094FAM    & MSM1526PET    20.539173 10   0.024546
MSM1067FAM    & MSM1526PET    15.145169 10   0.126858
MSM1603VIC    & MSM1526PET    11.399494 10   0.327252
MSM1208NED    & MSM1526PET    10.941073 10   0.362127
MSM1144FAM    & MSM1168FAM    20.774445 10   0.022722
MSM1243FAM    & MSM1168FAM    13.004573 10   0.223416
MSM1602VIC    & MSM1168FAM    6.665570  10   0.756595
MSM1096NED    & MSM1168FAM    15.770992 10   0.106378
MSM1095PET    & MSM1168FAM    12.732449 10   0.239018
MSM1094FAM    & MSM1168FAM    12.779024 10   0.236291
MSM1067FAM    & MSM1168FAM    9.442296  10   0.490704
MSM1603VIC    & MSM1168FAM    3.860017  10   0.953441
MSM1208NED    & MSM1168FAM    19.069818 10   0.039385
MSM1526PET    & MSM1168FAM    4.397995  10   0.927612
MSM1144FAM    & MSM1357FAM    27.104827 10   0.002507
MSM1243FAM    & MSM1357FAM    12.265562 10   0.267677
MSM1602VIC    & MSM1357FAM    24.049569 10   0.007470
MSM1096NED    & MSM1357FAM    10.921035 10   0.363703
MSM1095PET    & MSM1357FAM    24.401700 10   0.006603
MSM1094FAM    & MSM1357FAM    13.124314 10   0.216804
MSM1067FAM    & MSM1357FAM    9.048683  10   0.527490
MSM1603VIC    & MSM1357FAM    25.238492 10   0.004911
MSM1208NED    & MSM1357FAM    7.985093  10   0.630293
MSM1526PET    & MSM1357FAM    15.740512 10   0.107305
MSM1168FAM    & MSM1357FAM    22.103951 10   0.014584
MSM1144FAM    & MSM1592NED    >34.09794510   <0.000178
MSM1243FAM    & MSM1592NED    10.490754 10   0.398542
MSM1602VIC    & MSM1592NED    >41.81752410   <8.08e-06
MSM1096NED    & MSM1592NED    >41.11878010   <1.08e-05
MSM1095PET    & MSM1592NED    >42.35260510   <6.49e-06
MSM1094FAM    & MSM1592NED    10.591371 10   0.390227
MSM1067FAM    & MSM1592NED    11.778029 10   0.300187
MSM1603VIC    & MSM1592NED    7.607870  10   0.667079
MSM1208NED    & MSM1592NED    8.620789  10   0.568430
MSM1526PET    & MSM1592NED    >52.39376410   <9.65e-08
MSM1168FAM    & MSM1592NED    >67.88914510   <1.13e-10
MSM1357FAM    & MSM1592NED    >43.78728810   <3.59e-06
MSM1144FAM    & MSM1139PET    2.188455  10   0.994681
MSM1243FAM    & MSM1139PET    16.256856 10   0.092512
MSM1602VIC    & MSM1139PET    >37.94050110   <3.89e-05
MSM1096NED    & MSM1139PET    11.316117 10   0.333426
MSM1095PET    & MSM1139PET    11.330639 10   0.332345
MSM1094FAM    & MSM1139PET    9.744896  10   0.463152
MSM1067FAM    & MSM1139PET    2.184699  10   0.994718
MSM1603VIC    & MSM1139PET    4.091364  10   0.943131
MSM1208NED    & MSM1139PET    17.455338 10   0.064876
MSM1526PET    & MSM1139PET    4.469315  10   0.923702
MSM1168FAM    & MSM1139PET    30.778548 10   0.000638
MSM1357FAM    & MSM1139PET    19.232619 10   0.037406
MSM1592NED    & MSM1139PET    14.269955 10   0.161030

Normal ending.
